{"level":"info","message":"api gateway is running at port 3000","service":"api-gateway","timestamp":"2025-05-19T06:30:18.115Z"}
{"level":"info","message":"Identity service is running at url http://localhost:3001","service":"api-gateway","timestamp":"2025-05-19T06:30:18.124Z"}
{"level":"info","message":"Redis url: redis://localhost:6379","service":"api-gateway","timestamp":"2025-05-19T06:30:18.124Z"}
{"level":"info","message":"received POST from url /v1/auth/register","service":"api-gateway","timestamp":"2025-05-19T06:31:14.314Z"}
{"level":"info","message":"request body : [object Object]","service":"api-gateway","timestamp":"2025-05-19T06:31:14.316Z"}
{"level":"error","message":"error while connecting to proxy server","service":"api-gateway","timestamp":"2025-05-19T06:31:14.333Z"}
{"level":"info","message":"api gateway is running at port 3000","service":"api-gateway","timestamp":"2025-05-19T06:31:57.544Z"}
{"level":"info","message":"Identity service is running at url http://localhost:3001","service":"api-gateway","timestamp":"2025-05-19T06:31:57.552Z"}
{"level":"info","message":"Redis url: redis://localhost:6379","service":"api-gateway","timestamp":"2025-05-19T06:31:57.553Z"}
{"level":"info","message":"received POST from url /v1/auth/register","service":"api-gateway","timestamp":"2025-05-19T06:32:01.488Z"}
{"level":"info","message":"request body : [object Object]","service":"api-gateway","timestamp":"2025-05-19T06:32:01.490Z"}
{"level":"error","message":"error while connecting to proxy server","service":"api-gateway","timestamp":"2025-05-19T06:32:01.504Z"}
{"level":"info","message":"api gateway is running at port 3000","service":"api-gateway","timestamp":"2025-05-19T06:34:21.682Z"}
{"level":"info","message":"Identity service is running at url http://localhost:3001","service":"api-gateway","timestamp":"2025-05-19T06:34:21.690Z"}
{"level":"info","message":"Redis url: redis://localhost:6379","service":"api-gateway","timestamp":"2025-05-19T06:34:21.691Z"}
{"level":"info","message":"received POST from url /v1/auth/register","service":"api-gateway","timestamp":"2025-05-19T06:34:41.063Z"}
{"level":"info","message":"request body : [object Object]","service":"api-gateway","timestamp":"2025-05-19T06:34:41.064Z"}
{"level":"info","message":"Response received from Identity service: 201","service":"api-gateway","timestamp":"2025-05-19T06:34:41.454Z"}
{"level":"info","message":"received POST from url /v1/auth/register","service":"api-gateway","timestamp":"2025-05-19T06:34:46.157Z"}
{"level":"info","message":"request body : [object Object]","service":"api-gateway","timestamp":"2025-05-19T06:34:46.159Z"}
{"level":"info","message":"Response received from Identity service: 400","service":"api-gateway","timestamp":"2025-05-19T06:34:46.248Z"}
{"level":"info","message":"received POST from url /v1/auth/login","service":"api-gateway","timestamp":"2025-05-19T06:54:22.217Z"}
{"level":"info","message":"request body : [object Object]","service":"api-gateway","timestamp":"2025-05-19T06:54:22.218Z"}
{"level":"info","message":"Response received from Identity service: 404","service":"api-gateway","timestamp":"2025-05-19T06:54:22.271Z"}
{"level":"info","message":"received POST from url /v1/auth/login","service":"api-gateway","timestamp":"2025-05-19T06:55:03.987Z"}
{"level":"info","message":"request body : [object Object]","service":"api-gateway","timestamp":"2025-05-19T06:55:03.988Z"}
{"level":"info","message":"Response received from Identity service: 500","service":"api-gateway","timestamp":"2025-05-19T06:55:04.043Z"}
{"level":"info","message":"received POST from url /v1/auth/login","service":"api-gateway","timestamp":"2025-05-19T06:56:04.436Z"}
{"level":"info","message":"request body : [object Object]","service":"api-gateway","timestamp":"2025-05-19T06:56:04.487Z"}
{"level":"info","message":"Response received from Identity service: 200","service":"api-gateway","timestamp":"2025-05-19T06:56:05.628Z"}
{"level":"info","message":"received POST from url /v1/auth/login","service":"api-gateway","timestamp":"2025-05-19T06:57:11.179Z"}
{"level":"info","message":"request body : [object Object]","service":"api-gateway","timestamp":"2025-05-19T06:57:11.180Z"}
{"level":"info","message":"Response received from Identity service: 200","service":"api-gateway","timestamp":"2025-05-19T06:57:11.354Z"}
{"level":"info","message":"api gateway is running at port 3000","service":"api-gateway","timestamp":"2025-05-20T07:09:38.033Z"}
{"level":"info","message":"Identity service is running at url http://localhost:3001","service":"api-gateway","timestamp":"2025-05-20T07:09:38.037Z"}
{"level":"info","message":"Redis url: redis://localhost:6379","service":"api-gateway","timestamp":"2025-05-20T07:09:38.037Z"}
{"level":"info","message":"received GET from url /Account/v.1.0/PrivacySettings/?clientId=135333107684344109","service":"api-gateway","timestamp":"2025-05-20T07:12:51.356Z"}
{"level":"info","message":"request body : undefined","service":"api-gateway","timestamp":"2025-05-20T07:12:51.356Z"}
{"level":"info","message":"api gateway is running at port 3000","service":"api-gateway","timestamp":"2025-05-20T10:20:02.370Z"}
{"level":"info","message":"Identity service is running at url http://localhost:3001","service":"api-gateway","timestamp":"2025-05-20T10:20:02.381Z"}
{"level":"info","message":"Redis url: redis://localhost:6379","service":"api-gateway","timestamp":"2025-05-20T10:20:02.382Z"}
{"level":"info","message":"api gateway is running at port 3000","service":"api-gateway","timestamp":"2025-05-20T10:25:27.123Z"}
{"level":"info","message":"Identity service is running at url http://localhost:3001","service":"api-gateway","timestamp":"2025-05-20T10:25:27.130Z"}
{"level":"info","message":"Redis url: redis://localhost:6379","service":"api-gateway","timestamp":"2025-05-20T10:25:27.131Z"}
{"level":"info","message":"api gateway is running at port 3000","service":"api-gateway","timestamp":"2025-05-20T10:25:49.317Z"}
{"level":"info","message":"Identity service is running at url http://localhost:3001","service":"api-gateway","timestamp":"2025-05-20T10:25:49.325Z"}
{"level":"info","message":"Redis url: redis://localhost:6379","service":"api-gateway","timestamp":"2025-05-20T10:25:49.326Z"}
{"level":"info","message":"api gateway is running at port 3000","service":"api-gateway","timestamp":"2025-05-20T10:26:03.895Z"}
{"level":"info","message":"Identity service is running at url http://localhost:3001","service":"api-gateway","timestamp":"2025-05-20T10:26:03.905Z"}
{"level":"info","message":"Redis url: redis://localhost:6379","service":"api-gateway","timestamp":"2025-05-20T10:26:03.906Z"}
{"level":"info","message":"api gateway is running at port 3000","service":"api-gateway","timestamp":"2025-05-20T10:26:50.405Z"}
{"level":"info","message":"Identity service is running at url http://localhost:3001","service":"api-gateway","timestamp":"2025-05-20T10:26:50.414Z"}
{"level":"info","message":"Redis url: redis://localhost:6379","service":"api-gateway","timestamp":"2025-05-20T10:26:50.415Z"}
{"level":"info","message":"api gateway is running at port 3000","service":"api-gateway","timestamp":"2025-05-20T10:28:55.774Z"}
{"level":"info","message":"Identity service is running at url http://localhost:3001","service":"api-gateway","timestamp":"2025-05-20T10:28:55.782Z"}
{"level":"info","message":"Redis url: redis://localhost:6379","service":"api-gateway","timestamp":"2025-05-20T10:28:55.783Z"}
{"level":"info","message":"api gateway is running at port 3000","service":"api-gateway","timestamp":"2025-05-20T10:31:45.930Z"}
{"level":"info","message":"Identity service is running at url http://localhost:3001","service":"api-gateway","timestamp":"2025-05-20T10:31:45.939Z"}
{"level":"info","message":"Redis url: redis://localhost:6379","service":"api-gateway","timestamp":"2025-05-20T10:31:45.940Z"}
{"level":"info","message":"api gateway is running at port 3000","service":"api-gateway","timestamp":"2025-05-20T10:31:56.551Z"}
{"level":"info","message":"Identity service is running at url http://localhost:3001","service":"api-gateway","timestamp":"2025-05-20T10:31:56.558Z"}
{"level":"info","message":"Redis url: redis://localhost:6379","service":"api-gateway","timestamp":"2025-05-20T10:31:56.559Z"}
{"level":"info","message":"api gateway is running at port 3000","service":"api-gateway","timestamp":"2025-05-20T10:32:04.502Z"}
{"level":"info","message":"Identity service is running at url http://localhost:3001","service":"api-gateway","timestamp":"2025-05-20T10:32:04.510Z"}
{"level":"info","message":"Redis url: redis://localhost:6379","service":"api-gateway","timestamp":"2025-05-20T10:32:04.511Z"}
{"level":"info","message":"api gateway is running at port 3000","service":"api-gateway","timestamp":"2025-05-20T10:32:46.130Z"}
{"level":"info","message":"Identity service is running at url http://localhost:3001","service":"api-gateway","timestamp":"2025-05-20T10:32:46.137Z"}
{"level":"info","message":"Redis url: redis://localhost:6379","service":"api-gateway","timestamp":"2025-05-20T10:32:46.138Z"}
{"level":"info","message":"api gateway is running at port 3000","service":"api-gateway","timestamp":"2025-05-20T10:34:42.490Z"}
{"level":"info","message":"Identity service is running at url http://localhost:3001","service":"api-gateway","timestamp":"2025-05-20T10:34:42.500Z"}
{"level":"info","message":"Redis url: redis://localhost:6379","service":"api-gateway","timestamp":"2025-05-20T10:34:42.501Z"}
{"level":"info","message":"api gateway is running at port 3000","service":"api-gateway","timestamp":"2025-05-20T10:35:53.437Z"}
{"level":"info","message":"Identity service is running at url http://localhost:3001","service":"api-gateway","timestamp":"2025-05-20T10:35:53.444Z"}
{"level":"info","message":"Identity service is running at url http://loclahost:3002","service":"api-gateway","timestamp":"2025-05-20T10:35:53.445Z"}
{"level":"info","message":"Redis url: redis://localhost:6379","service":"api-gateway","timestamp":"2025-05-20T10:35:53.446Z"}
{"level":"info","message":"api gateway is running at port 3000","service":"api-gateway","timestamp":"2025-05-20T10:36:00.908Z"}
{"level":"info","message":"Identity service is running at url http://localhost:3001","service":"api-gateway","timestamp":"2025-05-20T10:36:00.917Z"}
{"level":"info","message":"Post service is running at url http://loclahost:3002","service":"api-gateway","timestamp":"2025-05-20T10:36:00.918Z"}
{"level":"info","message":"Redis url: redis://localhost:6379","service":"api-gateway","timestamp":"2025-05-20T10:36:00.919Z"}
{"level":"info","message":"api gateway is running at port 3000","service":"api-gateway","timestamp":"2025-05-20T10:36:16.907Z"}
{"level":"info","message":"Identity service is running at url http://localhost:3001","service":"api-gateway","timestamp":"2025-05-20T10:36:16.914Z"}
{"level":"info","message":"Post service is running at url http://loclahost:3002","service":"api-gateway","timestamp":"2025-05-20T10:36:16.916Z"}
{"level":"info","message":"Redis url: redis://localhost:6379","service":"api-gateway","timestamp":"2025-05-20T10:36:16.917Z"}
{"level":"info","message":"api gateway is running at port 3000","service":"api-gateway","timestamp":"2025-05-21T04:49:53.610Z"}
{"level":"info","message":"Identity service is running at url http://localhost:3001","service":"api-gateway","timestamp":"2025-05-21T04:49:53.613Z"}
{"level":"info","message":"Post service is running at url http://loclahost:3002","service":"api-gateway","timestamp":"2025-05-21T04:49:53.613Z"}
{"level":"info","message":"Redis url: redis://localhost:6379","service":"api-gateway","timestamp":"2025-05-21T04:49:53.614Z"}
{"level":"info","message":"api gateway is running at port 3000","service":"api-gateway","timestamp":"2025-05-21T04:57:20.630Z"}
{"level":"info","message":"Identity service is running at url http://localhost:3001","service":"api-gateway","timestamp":"2025-05-21T04:57:20.634Z"}
{"level":"info","message":"Post service is running at url http://loclahost:3002","service":"api-gateway","timestamp":"2025-05-21T04:57:20.634Z"}
{"level":"info","message":"Redis url: redis://localhost:6379","service":"api-gateway","timestamp":"2025-05-21T04:57:20.635Z"}
{"level":"info","message":"received POST from url /v1/auth/login","service":"api-gateway","timestamp":"2025-05-21T04:58:20.783Z"}
{"level":"info","message":"request body : [object Object]","service":"api-gateway","timestamp":"2025-05-21T04:58:20.784Z"}
{"level":"info","message":"Response received from Identity service: 200","service":"api-gateway","timestamp":"2025-05-21T04:58:21.020Z"}
{"level":"info","message":"received POST from url /v1/post/create-post","service":"api-gateway","timestamp":"2025-05-21T04:59:21.147Z"}
{"level":"info","message":"request body : [object Object]","service":"api-gateway","timestamp":"2025-05-21T04:59:21.148Z"}
{"level":"warn","message":"access attempted without token","service":"api-gateway","timestamp":"2025-05-21T04:59:21.149Z"}
{"level":"info","message":"received POST from url /v1/post/create-post","service":"api-gateway","timestamp":"2025-05-21T04:59:39.404Z"}
{"level":"info","message":"request body : [object Object]","service":"api-gateway","timestamp":"2025-05-21T04:59:39.404Z"}
{"level":"info","message":"received POST from url /v1/auth/login","service":"api-gateway","timestamp":"2025-05-21T04:59:48.770Z"}
{"level":"info","message":"request body : [object Object]","service":"api-gateway","timestamp":"2025-05-21T04:59:48.771Z"}
{"level":"info","message":"Response received from Identity service: 200","service":"api-gateway","timestamp":"2025-05-21T04:59:48.877Z"}
{"level":"info","message":"received POST from url /v1/post/create-post","service":"api-gateway","timestamp":"2025-05-21T05:00:04.189Z"}
{"level":"info","message":"request body : [object Object]","service":"api-gateway","timestamp":"2025-05-21T05:00:04.190Z"}
{"level":"info","message":"api gateway is running at port 3000","service":"api-gateway","timestamp":"2025-05-21T05:06:26.644Z"}
{"level":"info","message":"Identity service is running at url http://localhost:3001","service":"api-gateway","timestamp":"2025-05-21T05:06:26.647Z"}
{"level":"info","message":"Post service is running at url http://loclahost:3002","service":"api-gateway","timestamp":"2025-05-21T05:06:26.647Z"}
{"level":"info","message":"Redis url: redis://localhost:6379","service":"api-gateway","timestamp":"2025-05-21T05:06:26.647Z"}
{"level":"info","message":"received POST from url /v1/post/create-post","service":"api-gateway","timestamp":"2025-05-21T05:06:31.682Z"}
{"level":"info","message":"request body : [object Object]","service":"api-gateway","timestamp":"2025-05-21T05:06:31.683Z"}
{"level":"error","message":"error while connecting to proxy server","service":"api-gateway","timestamp":"2025-05-21T05:06:34.391Z"}
{"level":"info","message":"api gateway is running at port 3000","service":"api-gateway","timestamp":"2025-05-21T05:10:25.398Z"}
{"level":"info","message":"Identity service is running at url http://localhost:3001","service":"api-gateway","timestamp":"2025-05-21T05:10:25.402Z"}
{"level":"info","message":"Post service is running at url http://loclahost:3002","service":"api-gateway","timestamp":"2025-05-21T05:10:25.402Z"}
{"level":"info","message":"Redis url: redis://localhost:6379","service":"api-gateway","timestamp":"2025-05-21T05:10:25.402Z"}
{"level":"info","message":"received POST from url /v1/post/create-post","service":"api-gateway","timestamp":"2025-05-21T05:10:31.581Z"}
{"level":"info","message":"request body : [object Object]","service":"api-gateway","timestamp":"2025-05-21T05:10:31.582Z"}
{"level":"error","message":"Proxy error: getaddrinfo ENOTFOUND loclahost","service":"api-gateway","timestamp":"2025-05-21T05:10:34.298Z"}
{"level":"info","message":"api gateway is running at port 3000","service":"api-gateway","timestamp":"2025-05-21T05:11:17.088Z"}
{"level":"info","message":"Identity service is running at url http://localhost:3001","service":"api-gateway","timestamp":"2025-05-21T05:11:17.091Z"}
{"level":"info","message":"Post service is running at url http://localhost:3002","service":"api-gateway","timestamp":"2025-05-21T05:11:17.091Z"}
{"level":"info","message":"Redis url: redis://localhost:6379","service":"api-gateway","timestamp":"2025-05-21T05:11:17.092Z"}
{"level":"info","message":"received POST from url /v1/post/create-post","service":"api-gateway","timestamp":"2025-05-21T05:11:20.056Z"}
{"level":"info","message":"request body : [object Object]","service":"api-gateway","timestamp":"2025-05-21T05:11:20.056Z"}
{"level":"info","message":"Response received from post service: 500","service":"api-gateway","timestamp":"2025-05-21T05:11:20.161Z"}
{"level":"info","message":"received POST from url /v1/post/create-post","service":"api-gateway","timestamp":"2025-05-21T05:12:14.172Z"}
{"level":"info","message":"request body : [object Object]","service":"api-gateway","timestamp":"2025-05-21T05:12:14.173Z"}
{"level":"info","message":"Response received from post service: 201","service":"api-gateway","timestamp":"2025-05-21T05:12:14.245Z"}
{"level":"info","message":"received POST from url /v1/auth/login","service":"api-gateway","timestamp":"2025-05-21T05:13:21.527Z"}
{"level":"info","message":"request body : [object Object]","service":"api-gateway","timestamp":"2025-05-21T05:13:21.528Z"}
{"level":"info","message":"Response received from Identity service: 200","service":"api-gateway","timestamp":"2025-05-21T05:13:21.652Z"}
{"level":"info","message":"received POST from url /v1/post/create-post","service":"api-gateway","timestamp":"2025-05-21T05:13:33.568Z"}
{"level":"info","message":"request body : [object Object]","service":"api-gateway","timestamp":"2025-05-21T05:13:33.569Z"}
{"level":"info","message":"Response received from post service: 201","service":"api-gateway","timestamp":"2025-05-21T05:13:33.614Z"}
{"level":"info","message":"received POST from url /v1/post/create-post","service":"api-gateway","timestamp":"2025-05-21T05:13:46.209Z"}
{"level":"info","message":"request body : [object Object]","service":"api-gateway","timestamp":"2025-05-21T05:13:46.209Z"}
{"level":"info","message":"received POST from url /v1/post/create-post","service":"api-gateway","timestamp":"2025-05-21T05:13:52.097Z"}
{"level":"info","message":"request body : [object Object]","service":"api-gateway","timestamp":"2025-05-21T05:13:52.097Z"}
{"level":"info","message":"Response received from post service: 201","service":"api-gateway","timestamp":"2025-05-21T05:13:52.196Z"}
{"level":"info","message":"received GET from url /v1/post/posts","service":"api-gateway","timestamp":"2025-05-21T06:23:26.049Z"}
{"level":"info","message":"request body : undefined","service":"api-gateway","timestamp":"2025-05-21T06:23:26.050Z"}
{"level":"warn","message":"access attempted without token","service":"api-gateway","timestamp":"2025-05-21T06:23:26.051Z"}
{"level":"info","message":"received POST from url /v1/auth/login","service":"api-gateway","timestamp":"2025-05-21T06:23:39.655Z"}
{"level":"info","message":"request body : [object Object]","service":"api-gateway","timestamp":"2025-05-21T06:23:39.656Z"}
{"level":"info","message":"Response received from Identity service: 200","service":"api-gateway","timestamp":"2025-05-21T06:23:40.184Z"}
{"level":"info","message":"received GET from url /v1/post/posts","service":"api-gateway","timestamp":"2025-05-21T06:23:53.991Z"}
{"level":"info","message":"request body : undefined","service":"api-gateway","timestamp":"2025-05-21T06:23:53.992Z"}
{"level":"info","message":"Response received from post service: 500","service":"api-gateway","timestamp":"2025-05-21T06:23:54.041Z"}
{"level":"info","message":"received GET from url /v1/post/posts","service":"api-gateway","timestamp":"2025-05-21T06:24:45.858Z"}
{"level":"info","message":"request body : undefined","service":"api-gateway","timestamp":"2025-05-21T06:24:45.859Z"}
{"level":"info","message":"Response received from post service: 500","service":"api-gateway","timestamp":"2025-05-21T06:24:45.907Z"}
{"level":"info","message":"received GET from url /v1/post/posts","service":"api-gateway","timestamp":"2025-05-21T06:30:15.188Z"}
{"level":"info","message":"request body : undefined","service":"api-gateway","timestamp":"2025-05-21T06:30:15.189Z"}
{"level":"info","message":"Response received from post service: 500","service":"api-gateway","timestamp":"2025-05-21T06:30:15.622Z"}
{"level":"info","message":"received GET from url /v1/post/posts","service":"api-gateway","timestamp":"2025-05-21T06:31:45.670Z"}
{"level":"info","message":"request body : undefined","service":"api-gateway","timestamp":"2025-05-21T06:31:45.671Z"}
{"level":"info","message":"Response received from post service: 500","service":"api-gateway","timestamp":"2025-05-21T06:31:47.153Z"}
{"level":"info","message":"received GET from url /v1/post/posts","service":"api-gateway","timestamp":"2025-05-21T06:33:01.225Z"}
{"level":"info","message":"request body : undefined","service":"api-gateway","timestamp":"2025-05-21T06:33:01.226Z"}
{"level":"info","message":"Response received from post service: 500","service":"api-gateway","timestamp":"2025-05-21T06:33:01.490Z"}
{"level":"info","message":"received GET from url /v1/post/posts","service":"api-gateway","timestamp":"2025-05-21T06:33:52.749Z"}
{"level":"info","message":"request body : undefined","service":"api-gateway","timestamp":"2025-05-21T06:33:52.750Z"}
{"level":"info","message":"Response received from post service: 200","service":"api-gateway","timestamp":"2025-05-21T06:33:54.065Z"}
{"level":"info","message":"received GET from url /v1/post/post/682d6110865d999538c5c9f6","service":"api-gateway","timestamp":"2025-05-21T06:34:14.051Z"}
{"level":"info","message":"request body : undefined","service":"api-gateway","timestamp":"2025-05-21T06:34:14.052Z"}
{"level":"info","message":"Response received from post service: 200","service":"api-gateway","timestamp":"2025-05-21T06:34:14.129Z"}
{"level":"info","message":"api gateway is running at port 3000","service":"api-gateway","timestamp":"2025-05-23T08:30:42.199Z"}
{"level":"info","message":"Identity service is running at url http://localhost:3001","service":"api-gateway","timestamp":"2025-05-23T08:30:42.208Z"}
{"level":"info","message":"Post service is running at url http://localhost:3002","service":"api-gateway","timestamp":"2025-05-23T08:30:42.209Z"}
{"level":"info","message":"Redis url: redis://localhost:6379","service":"api-gateway","timestamp":"2025-05-23T08:30:42.210Z"}
{"level":"info","message":"api gateway is running at port 3000","service":"api-gateway","timestamp":"2025-05-23T13:38:25.292Z"}
{"level":"info","message":"Identity service is running at url http://localhost:3001","service":"api-gateway","timestamp":"2025-05-23T13:38:25.302Z"}
{"level":"info","message":"Post service is running at url http://localhost:3002","service":"api-gateway","timestamp":"2025-05-23T13:38:25.304Z"}
{"level":"info","message":"Redis url: redis://localhost:6379","service":"api-gateway","timestamp":"2025-05-23T13:38:25.304Z"}
{"level":"info","message":"api gateway is running at port 3000","service":"api-gateway","timestamp":"2025-05-25T10:45:34.451Z"}
{"level":"info","message":"Identity service is running at url http://localhost:3001","service":"api-gateway","timestamp":"2025-05-25T10:45:34.458Z"}
{"level":"info","message":"Post service is running at url http://localhost:3002","service":"api-gateway","timestamp":"2025-05-25T10:45:34.459Z"}
{"level":"info","message":"Redis url: redis://localhost:6379","service":"api-gateway","timestamp":"2025-05-25T10:45:34.460Z"}
{"level":"info","message":"api gateway is running at port 3000","service":"api-gateway","timestamp":"2025-05-25T10:48:53.528Z"}
{"level":"info","message":"Identity service is running at url http://localhost:3001","service":"api-gateway","timestamp":"2025-05-25T10:48:53.538Z"}
{"level":"info","message":"Post service is running at url http://localhost:3002","service":"api-gateway","timestamp":"2025-05-25T10:48:53.539Z"}
{"level":"info","message":"Redis url: redis://localhost:6379","service":"api-gateway","timestamp":"2025-05-25T10:48:53.541Z"}
{"level":"info","message":"received POST from url /v1/media/upload","service":"api-gateway","timestamp":"2025-05-25T10:50:47.877Z"}
{"level":"info","message":"request body : undefined","service":"api-gateway","timestamp":"2025-05-25T10:50:47.879Z"}
{"level":"warn","message":"access attempted without token","service":"api-gateway","timestamp":"2025-05-25T10:50:47.881Z"}
{"level":"info","message":"received POST from url /v1/auth/login","service":"api-gateway","timestamp":"2025-05-25T10:50:57.546Z"}
{"level":"info","message":"request body : [object Object]","service":"api-gateway","timestamp":"2025-05-25T10:50:57.547Z"}
{"level":"info","message":"Response received from Identity service: 200","service":"api-gateway","timestamp":"2025-05-25T10:50:57.814Z"}
{"level":"info","message":"received POST from url /v1/media/upload","service":"api-gateway","timestamp":"2025-05-25T10:51:22.120Z"}
{"level":"info","message":"request body : undefined","service":"api-gateway","timestamp":"2025-05-25T10:51:22.122Z"}
{"level":"error","message":"Proxy error: Cannot read properties of undefined (reading 'startsWith')","service":"api-gateway","timestamp":"2025-05-25T10:51:22.135Z"}
{"level":"info","message":"received POST from url /v1/media/upload","service":"api-gateway","timestamp":"2025-05-25T10:54:54.319Z"}
{"level":"info","message":"request body : undefined","service":"api-gateway","timestamp":"2025-05-25T10:54:54.320Z"}
{"level":"info","message":"Response received from media service: 500","service":"api-gateway","timestamp":"2025-05-25T10:54:54.357Z"}
{"level":"info","message":"received POST from url /v1/media/upload","service":"api-gateway","timestamp":"2025-05-25T10:56:27.404Z"}
{"level":"info","message":"request body : undefined","service":"api-gateway","timestamp":"2025-05-25T10:56:27.405Z"}
{"level":"info","message":"Response received from media service: 500","service":"api-gateway","timestamp":"2025-05-25T10:56:37.353Z"}
{"level":"info","message":"received POST from url /v1/media/upload","service":"api-gateway","timestamp":"2025-05-25T10:58:09.747Z"}
{"level":"info","message":"request body : undefined","service":"api-gateway","timestamp":"2025-05-25T10:58:09.748Z"}
{"level":"info","message":"Response received from media service: 500","service":"api-gateway","timestamp":"2025-05-25T10:58:15.167Z"}
{"level":"info","message":"received POST from url /v1/media/upload","service":"api-gateway","timestamp":"2025-05-25T10:59:50.660Z"}
{"level":"info","message":"request body : undefined","service":"api-gateway","timestamp":"2025-05-25T10:59:50.660Z"}
{"level":"info","message":"Response received from media service: 500","service":"api-gateway","timestamp":"2025-05-25T10:59:59.375Z"}
{"level":"info","message":"received POST from url /v1/media/upload","service":"api-gateway","timestamp":"2025-05-25T11:09:23.890Z"}
{"level":"info","message":"request body : undefined","service":"api-gateway","timestamp":"2025-05-25T11:09:23.891Z"}
{"level":"info","message":"Response received from media service: 500","service":"api-gateway","timestamp":"2025-05-25T11:09:29.598Z"}
{"level":"info","message":"received POST from url /v1/media/upload","service":"api-gateway","timestamp":"2025-05-25T11:12:16.047Z"}
{"level":"info","message":"request body : undefined","service":"api-gateway","timestamp":"2025-05-25T11:12:16.048Z"}
{"level":"info","message":"Response received from media service: 201","service":"api-gateway","timestamp":"2025-05-25T11:12:20.643Z"}
{"level":"info","message":"received POST from url /v1/media/upload","service":"api-gateway","timestamp":"2025-05-25T11:14:51.848Z"}
{"level":"info","message":"request body : undefined","service":"api-gateway","timestamp":"2025-05-25T11:14:51.849Z"}
{"level":"info","message":"Response received from media service: 500","service":"api-gateway","timestamp":"2025-05-25T11:14:51.902Z"}
{"level":"info","message":"received POST from url /v1/media/upload","service":"api-gateway","timestamp":"2025-05-25T11:16:35.153Z"}
{"level":"info","message":"request body : undefined","service":"api-gateway","timestamp":"2025-05-25T11:16:35.154Z"}
{"level":"info","message":"Response received from media service: 500","service":"api-gateway","timestamp":"2025-05-25T11:16:35.175Z"}
{"level":"info","message":"received POST from url /v1/media/upload","service":"api-gateway","timestamp":"2025-05-25T11:17:06.214Z"}
{"level":"info","message":"request body : undefined","service":"api-gateway","timestamp":"2025-05-25T11:17:06.215Z"}
{"level":"info","message":"Response received from media service: 201","service":"api-gateway","timestamp":"2025-05-25T11:17:08.124Z"}
{"level":"info","message":"received POST from url /v1/auth/login","service":"api-gateway","timestamp":"2025-05-25T13:49:19.364Z"}
{"level":"info","message":"request body : [object Object]","service":"api-gateway","timestamp":"2025-05-25T13:49:19.367Z"}
{"level":"info","message":"Response received from Identity service: 200","service":"api-gateway","timestamp":"2025-05-25T13:49:20.030Z"}
{"level":"info","message":"received POST from url /v1/post/create-post","service":"api-gateway","timestamp":"2025-05-25T13:50:46.193Z"}
{"level":"info","message":"request body : [object Object]","service":"api-gateway","timestamp":"2025-05-25T13:50:46.194Z"}
{"level":"info","message":"Response received from post service: 201","service":"api-gateway","timestamp":"2025-05-25T13:50:46.466Z"}
{"level":"info","message":"api gateway is running at port 3000","service":"api-gateway","timestamp":"2025-05-27T09:50:20.753Z"}
{"level":"info","message":"Identity service is running at url http://localhost:3001","service":"api-gateway","timestamp":"2025-05-27T09:50:20.756Z"}
{"level":"info","message":"Post service is running at url http://localhost:3002","service":"api-gateway","timestamp":"2025-05-27T09:50:20.756Z"}
{"level":"info","message":"Redis url: redis://localhost:6379","service":"api-gateway","timestamp":"2025-05-27T09:50:20.756Z"}
{"level":"info","message":"received POST from url /v1/media/upload","service":"api-gateway","timestamp":"2025-05-27T14:20:32.417Z"}
{"level":"info","message":"request body : undefined","service":"api-gateway","timestamp":"2025-05-27T14:20:32.420Z"}
{"level":"info","message":"received POST from url /v1/auth/login","service":"api-gateway","timestamp":"2025-05-27T14:20:41.420Z"}
{"level":"info","message":"request body : [object Object]","service":"api-gateway","timestamp":"2025-05-27T14:20:41.421Z"}
{"level":"info","message":"Response received from Identity service: 200","service":"api-gateway","timestamp":"2025-05-27T14:20:42.552Z"}
{"level":"info","message":"received POST from url /v1/media/upload","service":"api-gateway","timestamp":"2025-05-27T14:20:55.650Z"}
{"level":"info","message":"request body : undefined","service":"api-gateway","timestamp":"2025-05-27T14:20:55.651Z"}
{"level":"info","message":"Response received from media service: 201","service":"api-gateway","timestamp":"2025-05-27T14:21:00.554Z"}
{"level":"info","message":"received POST from url /v1/post/create-post","service":"api-gateway","timestamp":"2025-05-27T14:21:53.072Z"}
{"level":"info","message":"request body : [object Object]","service":"api-gateway","timestamp":"2025-05-27T14:21:53.073Z"}
{"level":"info","message":"received POST from url /v1/post/create-post","service":"api-gateway","timestamp":"2025-05-27T14:22:12.768Z"}
{"level":"info","message":"request body : [object Object]","service":"api-gateway","timestamp":"2025-05-27T14:22:12.769Z"}
{"level":"info","message":"Response received from post service: 201","service":"api-gateway","timestamp":"2025-05-27T14:22:15.388Z"}
{"level":"info","message":"received GET from url /v1/post/post/682d6110865d999538c5c9f6","service":"api-gateway","timestamp":"2025-05-27T14:22:23.775Z"}
{"level":"info","message":"request body : undefined","service":"api-gateway","timestamp":"2025-05-27T14:22:23.776Z"}
{"level":"info","message":"received GET from url /v1/post/post/682d6110865d999538c5c9f6","service":"api-gateway","timestamp":"2025-05-27T14:22:32.917Z"}
{"level":"info","message":"request body : undefined","service":"api-gateway","timestamp":"2025-05-27T14:22:32.918Z"}
{"level":"info","message":"Response received from post service: 200","service":"api-gateway","timestamp":"2025-05-27T14:22:33.035Z"}
{"level":"info","message":"received GET from url /v1/post/","service":"api-gateway","timestamp":"2025-05-27T14:22:37.594Z"}
{"level":"info","message":"request body : undefined","service":"api-gateway","timestamp":"2025-05-27T14:22:37.595Z"}
{"level":"info","message":"Response received from post service: 404","service":"api-gateway","timestamp":"2025-05-27T14:22:37.608Z"}
{"level":"info","message":"received GET from url /v1/posts/","service":"api-gateway","timestamp":"2025-05-27T14:23:35.569Z"}
{"level":"info","message":"request body : undefined","service":"api-gateway","timestamp":"2025-05-27T14:23:35.570Z"}
{"level":"info","message":"received GET from url /v1/posts","service":"api-gateway","timestamp":"2025-05-27T14:23:51.419Z"}
{"level":"info","message":"request body : undefined","service":"api-gateway","timestamp":"2025-05-27T14:23:51.420Z"}
{"level":"info","message":"received GET from url /v1/post/p[osts","service":"api-gateway","timestamp":"2025-05-27T14:24:11.209Z"}
{"level":"info","message":"request body : undefined","service":"api-gateway","timestamp":"2025-05-27T14:24:11.210Z"}
{"level":"info","message":"Response received from post service: 404","service":"api-gateway","timestamp":"2025-05-27T14:24:11.225Z"}
{"level":"info","message":"received GET from url /v1/post/p[posts","service":"api-gateway","timestamp":"2025-05-27T14:24:13.924Z"}
{"level":"info","message":"request body : undefined","service":"api-gateway","timestamp":"2025-05-27T14:24:13.924Z"}
{"level":"info","message":"Response received from post service: 404","service":"api-gateway","timestamp":"2025-05-27T14:24:13.933Z"}
{"level":"info","message":"received GET from url /v1/post/posts","service":"api-gateway","timestamp":"2025-05-27T14:24:17.369Z"}
{"level":"info","message":"request body : undefined","service":"api-gateway","timestamp":"2025-05-27T14:24:17.392Z"}
{"level":"info","message":"Response received from post service: 200","service":"api-gateway","timestamp":"2025-05-27T14:24:17.645Z"}
{"level":"info","message":"received GET from url /v1/post/posts","service":"api-gateway","timestamp":"2025-05-27T14:24:27.889Z"}
{"level":"info","message":"request body : undefined","service":"api-gateway","timestamp":"2025-05-27T14:24:27.890Z"}
{"level":"info","message":"Response received from post service: 200","service":"api-gateway","timestamp":"2025-05-27T14:24:27.900Z"}
{"level":"info","message":"received GET from url /v1/post/posts","service":"api-gateway","timestamp":"2025-05-27T14:24:29.452Z"}
{"level":"info","message":"request body : undefined","service":"api-gateway","timestamp":"2025-05-27T14:24:29.452Z"}
{"level":"info","message":"Response received from post service: 200","service":"api-gateway","timestamp":"2025-05-27T14:24:29.463Z"}
{"level":"info","message":"received DELETE from url /v1/post/delete/6835ca9412b8295508108d07","service":"api-gateway","timestamp":"2025-05-27T14:25:34.599Z"}
{"level":"info","message":"request body : undefined","service":"api-gateway","timestamp":"2025-05-27T14:25:34.600Z"}
{"level":"warn","message":"access attempted without token","service":"api-gateway","timestamp":"2025-05-27T14:25:34.601Z"}
{"level":"info","message":"received DELETE from url /v1/post/delete/6835ca9412b8295508108d07","service":"api-gateway","timestamp":"2025-05-27T14:25:56.047Z"}
{"level":"info","message":"request body : undefined","service":"api-gateway","timestamp":"2025-05-27T14:25:56.048Z"}
{"level":"info","message":"Response received from post service: 404","service":"api-gateway","timestamp":"2025-05-27T14:25:56.060Z"}
{"level":"info","message":"received DELETE from url /v1/post/post/delete/6835ca9412b8295508108d07","service":"api-gateway","timestamp":"2025-05-27T14:26:03.949Z"}
{"level":"info","message":"request body : undefined","service":"api-gateway","timestamp":"2025-05-27T14:26:03.950Z"}
{"level":"info","message":"Response received from post service: 404","service":"api-gateway","timestamp":"2025-05-27T14:26:03.964Z"}
{"level":"info","message":"received DELETE from url /v1/post/post/delete/6835ca9412b8295508108d07","service":"api-gateway","timestamp":"2025-05-27T14:27:29.532Z"}
{"level":"info","message":"request body : undefined","service":"api-gateway","timestamp":"2025-05-27T14:27:29.532Z"}
{"level":"info","message":"Response received from post service: 404","service":"api-gateway","timestamp":"2025-05-27T14:27:29.544Z"}
{"level":"info","message":"received DELETE from url /v1/post/post/delete/6835ca9412b8295508108d07","service":"api-gateway","timestamp":"2025-05-27T14:28:05.290Z"}
{"level":"info","message":"request body : undefined","service":"api-gateway","timestamp":"2025-05-27T14:28:05.291Z"}
{"level":"info","message":"Response received from post service: 500","service":"api-gateway","timestamp":"2025-05-27T14:28:05.457Z"}
{"level":"info","message":"received DELETE from url /v1/post/post/delete/6835ca9412b8295508108d07","service":"api-gateway","timestamp":"2025-05-27T14:32:24.820Z"}
{"level":"info","message":"request body : undefined","service":"api-gateway","timestamp":"2025-05-27T14:32:24.821Z"}
{"level":"info","message":"Response received from post service: 404","service":"api-gateway","timestamp":"2025-05-27T14:32:25.000Z"}
{"level":"info","message":"received GET from url /v1/post/posts","service":"api-gateway","timestamp":"2025-05-27T14:32:36.547Z"}
{"level":"info","message":"request body : undefined","service":"api-gateway","timestamp":"2025-05-27T14:32:36.548Z"}
{"level":"info","message":"Response received from post service: 200","service":"api-gateway","timestamp":"2025-05-27T14:32:36.841Z"}
{"level":"info","message":"received POST from url /v1/auth/login","service":"api-gateway","timestamp":"2025-05-27T14:32:52.413Z"}
{"level":"info","message":"request body : [object Object]","service":"api-gateway","timestamp":"2025-05-27T14:32:52.414Z"}
{"level":"info","message":"Response received from Identity service: 200","service":"api-gateway","timestamp":"2025-05-27T14:32:52.685Z"}
{"level":"info","message":"received POST from url /v1/media/upload","service":"api-gateway","timestamp":"2025-05-27T14:33:31.522Z"}
{"level":"info","message":"request body : undefined","service":"api-gateway","timestamp":"2025-05-27T14:33:31.523Z"}
{"level":"info","message":"Response received from media service: 201","service":"api-gateway","timestamp":"2025-05-27T14:33:35.244Z"}
{"level":"info","message":"received POST from url /v1/post/create-post","service":"api-gateway","timestamp":"2025-05-27T14:34:19.972Z"}
{"level":"info","message":"request body : [object Object]","service":"api-gateway","timestamp":"2025-05-27T14:34:19.972Z"}
{"level":"info","message":"Response received from post service: 201","service":"api-gateway","timestamp":"2025-05-27T14:34:20.150Z"}
{"level":"info","message":"received GET from url /v1/post/posts","service":"api-gateway","timestamp":"2025-05-27T14:34:31.520Z"}
{"level":"info","message":"request body : undefined","service":"api-gateway","timestamp":"2025-05-27T14:34:31.520Z"}
{"level":"info","message":"Response received from post service: 200","service":"api-gateway","timestamp":"2025-05-27T14:34:31.699Z"}
{"level":"info","message":"received DELETE from url /v1/post/post/delete/6835cd6b82adb27c0b401086","service":"api-gateway","timestamp":"2025-05-27T14:34:55.725Z"}
{"level":"info","message":"request body : undefined","service":"api-gateway","timestamp":"2025-05-27T14:34:55.726Z"}
{"level":"info","message":"Response received from post service: 202","service":"api-gateway","timestamp":"2025-05-27T14:34:55.863Z"}
{"level":"info","message":"received POST from url /v1/auth/login","service":"api-gateway","timestamp":"2025-05-27T17:27:13.663Z"}
{"level":"info","message":"request body : [object Object]","service":"api-gateway","timestamp":"2025-05-27T17:27:13.664Z"}
{"level":"info","message":"Response received from Identity service: 200","service":"api-gateway","timestamp":"2025-05-27T17:27:16.934Z"}
{"level":"info","message":"received POST from url /v1/media/upload","service":"api-gateway","timestamp":"2025-05-27T17:27:53.345Z"}
{"level":"info","message":"request body : undefined","service":"api-gateway","timestamp":"2025-05-27T17:27:53.345Z"}
{"level":"info","message":"Response received from media service: 201","service":"api-gateway","timestamp":"2025-05-27T17:28:35.295Z"}
{"level":"info","message":"received POST from url /v1/post/create-post","service":"api-gateway","timestamp":"2025-05-27T17:29:37.469Z"}
{"level":"info","message":"request body : [object Object]","service":"api-gateway","timestamp":"2025-05-27T17:29:37.470Z"}
{"level":"info","message":"Response received from post service: 201","service":"api-gateway","timestamp":"2025-05-27T17:29:44.312Z"}
{"level":"info","message":"received GET from url /v1/post/posts","service":"api-gateway","timestamp":"2025-05-27T17:29:58.299Z"}
{"level":"info","message":"request body : undefined","service":"api-gateway","timestamp":"2025-05-27T17:29:58.299Z"}
{"level":"info","message":"Response received from post service: 200","service":"api-gateway","timestamp":"2025-05-27T17:30:00.487Z"}
{"level":"info","message":"received DELETE from url /v1/post/post/delete/6835f681ebaafa48a8b75b08","service":"api-gateway","timestamp":"2025-05-27T17:30:23.463Z"}
{"level":"info","message":"request body : undefined","service":"api-gateway","timestamp":"2025-05-27T17:30:23.463Z"}
{"level":"info","message":"received DELETE from url /v1/post/post/delete/6835f681ebaafa48a8b75b08","service":"api-gateway","timestamp":"2025-05-27T17:30:29.803Z"}
{"level":"info","message":"request body : undefined","service":"api-gateway","timestamp":"2025-05-27T17:30:29.804Z"}
{"level":"info","message":"received DELETE from url /v1/post/post/delete/6835f681ebaafa48a8b75b08","service":"api-gateway","timestamp":"2025-05-27T17:30:48.469Z"}
{"level":"info","message":"request body : undefined","service":"api-gateway","timestamp":"2025-05-27T17:30:48.469Z"}
{"level":"info","message":"Response received from post service: 500","service":"api-gateway","timestamp":"2025-05-27T17:30:50.117Z"}
{"level":"info","message":"received POST from url /v1/post/create-post","service":"api-gateway","timestamp":"2025-05-27T17:33:10.649Z"}
{"level":"info","message":"request body : [object Object]","service":"api-gateway","timestamp":"2025-05-27T17:33:10.649Z"}
{"level":"info","message":"Response received from post service: 500","service":"api-gateway","timestamp":"2025-05-27T17:33:11.266Z"}
{"level":"info","message":"received POST from url /v1/post/create-post","service":"api-gateway","timestamp":"2025-05-27T17:36:45.223Z"}
{"level":"info","message":"request body : [object Object]","service":"api-gateway","timestamp":"2025-05-27T17:36:45.223Z"}
{"level":"info","message":"Response received from post service: 201","service":"api-gateway","timestamp":"2025-05-27T17:36:48.716Z"}
{"level":"info","message":"received DELETE from url /v1/post/post/delete/6835f82d0ceb50b54af2cb4b","service":"api-gateway","timestamp":"2025-05-27T17:37:08.484Z"}
{"level":"info","message":"request body : undefined","service":"api-gateway","timestamp":"2025-05-27T17:37:08.484Z"}
{"level":"info","message":"Response received from post service: 202","service":"api-gateway","timestamp":"2025-05-27T17:37:09.117Z"}
{"level":"info","message":"api gateway is running at port 3000","service":"api-gateway","timestamp":"2025-05-28T06:32:40.795Z"}
{"level":"info","message":"Identity service is running at url http://localhost:3001","service":"api-gateway","timestamp":"2025-05-28T06:32:40.802Z"}
{"level":"info","message":"Post service is running at url http://localhost:3002","service":"api-gateway","timestamp":"2025-05-28T06:32:40.803Z"}
{"level":"info","message":"Redis url: redis://localhost:6379","service":"api-gateway","timestamp":"2025-05-28T06:32:40.803Z"}
{"level":"info","message":"api gateway is running at port 3000","service":"api-gateway","timestamp":"2025-05-28T07:17:50.381Z"}
{"level":"info","message":"Identity service is running at url http://localhost:3001","service":"api-gateway","timestamp":"2025-05-28T07:17:50.385Z"}
{"level":"info","message":"Post service is running at url http://localhost:3002","service":"api-gateway","timestamp":"2025-05-28T07:17:50.385Z"}
{"level":"info","message":"Redis url: redis://localhost:6379","service":"api-gateway","timestamp":"2025-05-28T07:17:50.385Z"}
{"level":"info","message":"api gateway is running at port 3000","service":"api-gateway","timestamp":"2025-05-28T07:18:58.327Z"}
{"level":"info","message":"Identity service is running at url http://localhost:3001","service":"api-gateway","timestamp":"2025-05-28T07:18:58.330Z"}
{"level":"info","message":"Post service is running at url http://localhost:3002","service":"api-gateway","timestamp":"2025-05-28T07:18:58.330Z"}
{"level":"info","message":"Media service is running at port http://localhost:3003","service":"api-gateway","timestamp":"2025-05-28T07:18:58.331Z"}
{"level":"info","message":"Search service is running at port http://localhost:3004","service":"api-gateway","timestamp":"2025-05-28T07:18:58.331Z"}
{"level":"info","message":"Redis url: redis://localhost:6379","service":"api-gateway","timestamp":"2025-05-28T07:18:58.331Z"}
{"level":"info","message":"received POST from url /v1/auth/login","service":"api-gateway","timestamp":"2025-05-28T09:04:12.700Z"}
{"level":"info","message":"request body : [object Object]","service":"api-gateway","timestamp":"2025-05-28T09:04:12.701Z"}
{"level":"info","message":"Response received from Identity service: 200","service":"api-gateway","timestamp":"2025-05-28T09:04:13.025Z"}
{"level":"info","message":"received GET from url /v1/post/posts","service":"api-gateway","timestamp":"2025-05-28T09:04:40.465Z"}
{"level":"info","message":"request body : undefined","service":"api-gateway","timestamp":"2025-05-28T09:04:40.466Z"}
{"level":"info","message":"Response received from post service: 200","service":"api-gateway","timestamp":"2025-05-28T09:04:40.562Z"}
{"level":"info","message":"received POST from url /v1/post/create-post","service":"api-gateway","timestamp":"2025-05-28T09:05:26.283Z"}
{"level":"info","message":"request body : [object Object]","service":"api-gateway","timestamp":"2025-05-28T09:05:26.283Z"}
{"level":"info","message":"Response received from post service: 201","service":"api-gateway","timestamp":"2025-05-28T09:05:26.344Z"}
{"level":"info","message":"received DELETE from url /v1/post/post/delete/6836d1d6d2bfe0b288d1c4c0","service":"api-gateway","timestamp":"2025-05-28T09:08:21.946Z"}
{"level":"info","message":"request body : undefined","service":"api-gateway","timestamp":"2025-05-28T09:08:21.947Z"}
{"level":"info","message":"Response received from post service: 202","service":"api-gateway","timestamp":"2025-05-28T09:08:21.994Z"}
{"level":"info","message":"received POST from url /v1/post/create-post","service":"api-gateway","timestamp":"2025-05-28T09:10:25.004Z"}
{"level":"info","message":"request body : [object Object]","service":"api-gateway","timestamp":"2025-05-28T09:10:25.004Z"}
{"level":"info","message":"Response received from post service: 201","service":"api-gateway","timestamp":"2025-05-28T09:10:25.041Z"}
{"level":"info","message":"received POST from url /v1/post/create-post","service":"api-gateway","timestamp":"2025-05-28T09:10:50.652Z"}
{"level":"info","message":"request body : [object Object]","service":"api-gateway","timestamp":"2025-05-28T09:10:50.652Z"}
{"level":"info","message":"Response received from post service: 201","service":"api-gateway","timestamp":"2025-05-28T09:10:50.689Z"}
{"level":"info","message":"received GET from url /v1/search/get?this%20is","service":"api-gateway","timestamp":"2025-05-28T09:14:07.109Z"}
{"level":"info","message":"request body : undefined","service":"api-gateway","timestamp":"2025-05-28T09:14:07.110Z"}
{"level":"warn","message":"access attempted without token","service":"api-gateway","timestamp":"2025-05-28T09:14:07.110Z"}
{"level":"info","message":"api gateway is running at port 3000","service":"api-gateway","timestamp":"2025-05-28T09:14:34.366Z"}
{"level":"info","message":"Identity service is running at url http://localhost:3001","service":"api-gateway","timestamp":"2025-05-28T09:14:34.369Z"}
{"level":"info","message":"Post service is running at url http://localhost:3002","service":"api-gateway","timestamp":"2025-05-28T09:14:34.369Z"}
{"level":"info","message":"Media service is running at port http://localhost:3003","service":"api-gateway","timestamp":"2025-05-28T09:14:34.370Z"}
{"level":"info","message":"Search service is running at port http://localhost:3004","service":"api-gateway","timestamp":"2025-05-28T09:14:34.370Z"}
{"level":"info","message":"Redis url: redis://localhost:6379","service":"api-gateway","timestamp":"2025-05-28T09:14:34.370Z"}
{"level":"info","message":"received GET from url /v1/search/get?this%20is","service":"api-gateway","timestamp":"2025-05-28T09:14:47.506Z"}
{"level":"info","message":"request body : undefined","service":"api-gateway","timestamp":"2025-05-28T09:14:47.507Z"}
{"level":"info","message":"Response received from search service: 500","service":"api-gateway","timestamp":"2025-05-28T09:14:47.559Z"}
{"level":"info","message":"received GET from url /v1/search/get?=this%20is","service":"api-gateway","timestamp":"2025-05-28T09:15:54.261Z"}
{"level":"info","message":"request body : undefined","service":"api-gateway","timestamp":"2025-05-28T09:15:54.261Z"}
{"level":"info","message":"Response received from search service: 500","service":"api-gateway","timestamp":"2025-05-28T09:15:54.295Z"}
{"level":"info","message":"received GET from url /v1/search/get?query=this%20is","service":"api-gateway","timestamp":"2025-05-28T09:16:12.195Z"}
{"level":"info","message":"request body : undefined","service":"api-gateway","timestamp":"2025-05-28T09:16:12.195Z"}
{"level":"info","message":"Response received from search service: 200","service":"api-gateway","timestamp":"2025-05-28T09:16:12.231Z"}
{"level":"info","message":"received GET from url /v1/search/get?query=this","service":"api-gateway","timestamp":"2025-05-28T09:16:18.722Z"}
{"level":"info","message":"request body : undefined","service":"api-gateway","timestamp":"2025-05-28T09:16:18.722Z"}
{"level":"info","message":"Response received from search service: 200","service":"api-gateway","timestamp":"2025-05-28T09:16:18.755Z"}
{"level":"info","message":"received POST from url /v1/auth/login","service":"api-gateway","timestamp":"2025-05-28T09:20:04.280Z"}
{"level":"info","message":"request body : [object Object]","service":"api-gateway","timestamp":"2025-05-28T09:20:04.281Z"}
{"level":"info","message":"Response received from Identity service: 200","service":"api-gateway","timestamp":"2025-05-28T09:20:04.369Z"}
{"level":"info","message":"received POST from url /v1/post/create-post","service":"api-gateway","timestamp":"2025-05-28T09:20:46.870Z"}
{"level":"info","message":"request body : [object Object]","service":"api-gateway","timestamp":"2025-05-28T09:20:46.871Z"}
{"level":"info","message":"Response received from post service: 201","service":"api-gateway","timestamp":"2025-05-28T09:20:46.937Z"}
{"level":"info","message":"received POST from url /v1/post/create-post","service":"api-gateway","timestamp":"2025-05-28T09:20:53.045Z"}
{"level":"info","message":"request body : [object Object]","service":"api-gateway","timestamp":"2025-05-28T09:20:53.046Z"}
{"level":"info","message":"Response received from post service: 201","service":"api-gateway","timestamp":"2025-05-28T09:20:53.101Z"}
{"level":"info","message":"received POST from url /v1/post/create-post","service":"api-gateway","timestamp":"2025-05-28T09:20:58.540Z"}
{"level":"info","message":"request body : [object Object]","service":"api-gateway","timestamp":"2025-05-28T09:20:58.540Z"}
{"level":"info","message":"Response received from post service: 201","service":"api-gateway","timestamp":"2025-05-28T09:20:58.595Z"}
{"level":"info","message":"received POST from url /v1/post/create-post","service":"api-gateway","timestamp":"2025-05-28T09:21:02.511Z"}
{"level":"info","message":"request body : [object Object]","service":"api-gateway","timestamp":"2025-05-28T09:21:02.511Z"}
{"level":"info","message":"Response received from post service: 201","service":"api-gateway","timestamp":"2025-05-28T09:21:02.589Z"}
{"level":"info","message":"received GET from url /v1/post/posts","service":"api-gateway","timestamp":"2025-05-28T09:21:34.828Z"}
{"level":"info","message":"request body : undefined","service":"api-gateway","timestamp":"2025-05-28T09:21:34.829Z"}
{"level":"info","message":"Response received from post service: 200","service":"api-gateway","timestamp":"2025-05-28T09:21:35.193Z"}
{"level":"info","message":"received GET from url /v1/search/get?query=this","service":"api-gateway","timestamp":"2025-05-28T09:21:49.227Z"}
{"level":"info","message":"request body : undefined","service":"api-gateway","timestamp":"2025-05-28T09:21:49.228Z"}
{"level":"info","message":"Response received from search service: 200","service":"api-gateway","timestamp":"2025-05-28T09:21:49.567Z"}
{"level":"info","message":"received GET from url /v1/search/get?query=microservices","service":"api-gateway","timestamp":"2025-05-28T09:22:04.147Z"}
{"level":"info","message":"request body : undefined","service":"api-gateway","timestamp":"2025-05-28T09:22:04.148Z"}
{"level":"info","message":"Response received from search service: 200","service":"api-gateway","timestamp":"2025-05-28T09:22:04.197Z"}
{"level":"info","message":"received DELETE from url /v1/post/post/delete/6836d575d2bfe0b288d1c4c9","service":"api-gateway","timestamp":"2025-05-28T09:22:41.269Z"}
{"level":"info","message":"request body : undefined","service":"api-gateway","timestamp":"2025-05-28T09:22:41.270Z"}
{"level":"info","message":"Response received from post service: 202","service":"api-gateway","timestamp":"2025-05-28T09:22:41.324Z"}
{"level":"info","message":"received GET from url /v1/search/get?query=microservices","service":"api-gateway","timestamp":"2025-05-28T09:23:09.683Z"}
{"level":"info","message":"request body : undefined","service":"api-gateway","timestamp":"2025-05-28T09:23:09.684Z"}
{"level":"info","message":"Response received from search service: 200","service":"api-gateway","timestamp":"2025-05-28T09:23:09.732Z"}
{"level":"info","message":"received DELETE from url /v1/post/post/delete/6836d56ed2bfe0b288d1c4c7","service":"api-gateway","timestamp":"2025-05-28T09:27:24.921Z"}
{"level":"info","message":"request body : undefined","service":"api-gateway","timestamp":"2025-05-28T09:27:24.922Z"}
{"level":"info","message":"Response received from post service: 202","service":"api-gateway","timestamp":"2025-05-28T09:27:24.976Z"}
{"level":"info","message":"received GET from url /v1/search/get?query=microservices","service":"api-gateway","timestamp":"2025-05-28T09:27:36.643Z"}
{"level":"info","message":"request body : undefined","service":"api-gateway","timestamp":"2025-05-28T09:27:36.643Z"}
{"level":"info","message":"Response received from search service: 200","service":"api-gateway","timestamp":"2025-05-28T09:27:36.706Z"}
{"level":"info","message":"received GET from url /v1/search/get?query=microservices","service":"api-gateway","timestamp":"2025-05-28T09:41:06.435Z"}
{"level":"info","message":"request body : undefined","service":"api-gateway","timestamp":"2025-05-28T09:41:06.436Z"}
{"level":"info","message":"Response received from search service: 500","service":"api-gateway","timestamp":"2025-05-28T09:41:06.462Z"}
{"level":"info","message":"received GET from url /v1/search/get?query=microservices","service":"api-gateway","timestamp":"2025-05-28T09:41:29.729Z"}
{"level":"info","message":"request body : undefined","service":"api-gateway","timestamp":"2025-05-28T09:41:29.730Z"}
{"level":"info","message":"Response received from search service: 200","service":"api-gateway","timestamp":"2025-05-28T09:41:29.817Z"}
{"level":"info","message":"received GET from url /v1/search/get?query=microservices","service":"api-gateway","timestamp":"2025-05-28T09:41:38.671Z"}
{"level":"info","message":"request body : undefined","service":"api-gateway","timestamp":"2025-05-28T09:41:38.672Z"}
{"level":"info","message":"Response received from search service: 200","service":"api-gateway","timestamp":"2025-05-28T09:41:38.686Z"}
{"level":"info","message":"received GET from url /v1/search/get?query=microservices","service":"api-gateway","timestamp":"2025-05-28T09:41:42.814Z"}
{"level":"info","message":"request body : undefined","service":"api-gateway","timestamp":"2025-05-28T09:41:42.815Z"}
{"level":"info","message":"Response received from search service: 200","service":"api-gateway","timestamp":"2025-05-28T09:41:42.827Z"}
{"level":"info","message":"received GET from url /v1/search/get?query=microservices","service":"api-gateway","timestamp":"2025-05-28T09:42:31.500Z"}
{"level":"info","message":"request body : undefined","service":"api-gateway","timestamp":"2025-05-28T09:42:31.501Z"}
{"level":"info","message":"Response received from search service: 200","service":"api-gateway","timestamp":"2025-05-28T09:42:31.528Z"}
{"level":"info","message":"received GET from url /v1/search/get?query=microservices","service":"api-gateway","timestamp":"2025-05-28T09:42:33.658Z"}
{"level":"info","message":"request body : undefined","service":"api-gateway","timestamp":"2025-05-28T09:42:33.658Z"}
{"level":"info","message":"Response received from search service: 200","service":"api-gateway","timestamp":"2025-05-28T09:42:33.671Z"}
{"level":"info","message":"received GET from url /v1/search/get?query=micro","service":"api-gateway","timestamp":"2025-05-28T09:42:55.054Z"}
{"level":"info","message":"request body : undefined","service":"api-gateway","timestamp":"2025-05-28T09:42:55.055Z"}
{"level":"info","message":"Response received from search service: 200","service":"api-gateway","timestamp":"2025-05-28T09:42:55.113Z"}
{"level":"info","message":"received GET from url /v1/search/get?query=microser","service":"api-gateway","timestamp":"2025-05-28T09:43:05.813Z"}
{"level":"info","message":"request body : undefined","service":"api-gateway","timestamp":"2025-05-28T09:43:05.814Z"}
{"level":"info","message":"Response received from search service: 200","service":"api-gateway","timestamp":"2025-05-28T09:43:05.858Z"}
{"level":"info","message":"received GET from url /v1/search/get?query=microser","service":"api-gateway","timestamp":"2025-05-28T09:47:35.755Z"}
{"level":"info","message":"request body : undefined","service":"api-gateway","timestamp":"2025-05-28T09:47:35.756Z"}
{"level":"info","message":"Response received from search service: 500","service":"api-gateway","timestamp":"2025-05-28T09:47:35.780Z"}
{"level":"info","message":"received GET from url /v1/search/get?query=microser","service":"api-gateway","timestamp":"2025-05-28T09:47:49.586Z"}
{"level":"info","message":"request body : undefined","service":"api-gateway","timestamp":"2025-05-28T09:47:49.587Z"}
{"level":"info","message":"Response received from search service: 500","service":"api-gateway","timestamp":"2025-05-28T09:47:49.598Z"}
{"level":"info","message":"received GET from url /v1/search/get?query=microser","service":"api-gateway","timestamp":"2025-05-28T09:47:58.905Z"}
{"level":"info","message":"request body : undefined","service":"api-gateway","timestamp":"2025-05-28T09:47:58.906Z"}
{"level":"info","message":"Response received from search service: 200","service":"api-gateway","timestamp":"2025-05-28T09:47:58.976Z"}
{"level":"info","message":"received GET from url /v1/search/get?query=microservices","service":"api-gateway","timestamp":"2025-05-28T09:48:05.704Z"}
{"level":"info","message":"request body : undefined","service":"api-gateway","timestamp":"2025-05-28T09:48:05.705Z"}
{"level":"info","message":"Response received from search service: 200","service":"api-gateway","timestamp":"2025-05-28T09:48:05.759Z"}
{"level":"info","message":"received GET from url /v1/search/get?query=microservices","service":"api-gateway","timestamp":"2025-05-28T09:52:33.282Z"}
{"level":"info","message":"request body : undefined","service":"api-gateway","timestamp":"2025-05-28T09:52:33.283Z"}
{"level":"info","message":"Response received from search service: 200","service":"api-gateway","timestamp":"2025-05-28T09:52:33.373Z"}
{"level":"info","message":"received GET from url /v1/search/get?query=microservices","service":"api-gateway","timestamp":"2025-05-28T09:52:43.948Z"}
{"level":"info","message":"request body : undefined","service":"api-gateway","timestamp":"2025-05-28T09:52:43.949Z"}
{"level":"info","message":"Response received from search service: 200","service":"api-gateway","timestamp":"2025-05-28T09:52:43.963Z"}
{"level":"info","message":"received GET from url /v1/search/get?query=microservices","service":"api-gateway","timestamp":"2025-05-28T09:53:41.429Z"}
{"level":"info","message":"request body : undefined","service":"api-gateway","timestamp":"2025-05-28T09:53:41.429Z"}
{"level":"info","message":"Response received from search service: 200","service":"api-gateway","timestamp":"2025-05-28T09:53:41.456Z"}
{"level":"info","message":"received GET from url /v1/search/get?query=microservices","service":"api-gateway","timestamp":"2025-05-28T09:53:43.582Z"}
{"level":"info","message":"request body : undefined","service":"api-gateway","timestamp":"2025-05-28T09:53:43.582Z"}
{"level":"info","message":"Response received from search service: 200","service":"api-gateway","timestamp":"2025-05-28T09:53:43.594Z"}
{"level":"info","message":"received GET from url /v1/search/get?query=microservices","service":"api-gateway","timestamp":"2025-05-28T09:54:25.174Z"}
{"level":"info","message":"request body : undefined","service":"api-gateway","timestamp":"2025-05-28T09:54:25.175Z"}
{"level":"info","message":"Response received from search service: 200","service":"api-gateway","timestamp":"2025-05-28T09:54:25.256Z"}
{"level":"info","message":"received GET from url /v1/search/get?query=microservices","service":"api-gateway","timestamp":"2025-05-28T09:54:56.009Z"}
{"level":"info","message":"request body : undefined","service":"api-gateway","timestamp":"2025-05-28T09:54:56.009Z"}
{"level":"info","message":"Response received from search service: 200","service":"api-gateway","timestamp":"2025-05-28T09:54:56.035Z"}
{"level":"info","message":"received GET from url /v1/search/get?query=microservices","service":"api-gateway","timestamp":"2025-05-28T09:56:19.301Z"}
{"level":"info","message":"request body : undefined","service":"api-gateway","timestamp":"2025-05-28T09:56:19.302Z"}
{"level":"info","message":"Response received from search service: 200","service":"api-gateway","timestamp":"2025-05-28T09:56:19.377Z"}
{"level":"info","message":"received GET from url /v1/search/get?query=microservices","service":"api-gateway","timestamp":"2025-05-28T09:56:39.129Z"}
{"level":"info","message":"request body : undefined","service":"api-gateway","timestamp":"2025-05-28T09:56:39.130Z"}
{"level":"info","message":"Response received from search service: 200","service":"api-gateway","timestamp":"2025-05-28T09:56:39.154Z"}
