{"level":"error","message":"Mongo db connection error The `uri` parameter to `openUri()` must be a string, got \"undefined\". Make sure the first parameter to `mongoose.connect()` or `mongoose.createConnection()` is a string.","service":"identity-service","stack":"MongooseError: The `uri` parameter to `openUri()` must be a string, got \"undefined\". Make sure the first parameter to `mongoose.connect()` or `mongoose.createConnection()` is a string.\n    at NativeConnection.createClient (C:\\Users\\Shubhankar\\interview_prep\\microservices-social-media\\identity-service\\node_modules\\mongoose\\lib\\drivers\\node-mongodb-native\\connection.js:237:11)\n    at NativeConnection.openUri (C:\\Users\\Shubhankar\\interview_prep\\microservices-social-media\\identity-service\\node_modules\\mongoose\\lib\\connection.js:1071:34)\n    at Mongoose.connect (C:\\Users\\Shubhankar\\interview_prep\\microservices-social-media\\identity-service\\node_modules\\mongoose\\lib\\mongoose.js:450:15)\n    at Object.<anonymous> (C:\\Users\\Shubhankar\\interview_prep\\microservices-social-media\\identity-service\\src\\index.js:14:10)\n    at Module._compile (node:internal/modules/cjs/loader:1358:14)\n    at Module._extensions..js (node:internal/modules/cjs/loader:1416:10)\n    at Module.load (node:internal/modules/cjs/loader:1208:32)\n    at Module._load (node:internal/modules/cjs/loader:1024:12)\n    at Function.executeUserEntryPoint [as runMain] (node:internal/modules/run_main:174:12)\n    at node:internal/main/run_main_module:28:49","timestamp":"2025-05-18T14:24:56.031Z"}
{"level":"error","message":"Mongo db connection error The `uri` parameter to `openUri()` must be a string, got \"undefined\". Make sure the first parameter to `mongoose.connect()` or `mongoose.createConnection()` is a string.","service":"identity-service","stack":"MongooseError: The `uri` parameter to `openUri()` must be a string, got \"undefined\". Make sure the first parameter to `mongoose.connect()` or `mongoose.createConnection()` is a string.\n    at NativeConnection.createClient (C:\\Users\\Shubhankar\\interview_prep\\microservices-social-media\\identity-service\\node_modules\\mongoose\\lib\\drivers\\node-mongodb-native\\connection.js:237:11)\n    at NativeConnection.openUri (C:\\Users\\Shubhankar\\interview_prep\\microservices-social-media\\identity-service\\node_modules\\mongoose\\lib\\connection.js:1071:34)\n    at Mongoose.connect (C:\\Users\\Shubhankar\\interview_prep\\microservices-social-media\\identity-service\\node_modules\\mongoose\\lib\\mongoose.js:450:15)\n    at Object.<anonymous> (C:\\Users\\Shubhankar\\interview_prep\\microservices-social-media\\identity-service\\src\\index.js:14:10)\n    at Module._compile (node:internal/modules/cjs/loader:1358:14)\n    at Module._extensions..js (node:internal/modules/cjs/loader:1416:10)\n    at Module.load (node:internal/modules/cjs/loader:1208:32)\n    at Module._load (node:internal/modules/cjs/loader:1024:12)\n    at Function.executeUserEntryPoint [as runMain] (node:internal/modules/run_main:174:12)\n    at node:internal/main/run_main_module:28:49","timestamp":"2025-05-18T14:26:17.709Z"}
{"level":"error","message":"Mongo db connection error The `uri` parameter to `openUri()` must be a string, got \"undefined\". Make sure the first parameter to `mongoose.connect()` or `mongoose.createConnection()` is a string.","service":"identity-service","stack":"MongooseError: The `uri` parameter to `openUri()` must be a string, got \"undefined\". Make sure the first parameter to `mongoose.connect()` or `mongoose.createConnection()` is a string.\n    at NativeConnection.createClient (C:\\Users\\Shubhankar\\interview_prep\\microservices-social-media\\identity-service\\node_modules\\mongoose\\lib\\drivers\\node-mongodb-native\\connection.js:237:11)\n    at NativeConnection.openUri (C:\\Users\\Shubhankar\\interview_prep\\microservices-social-media\\identity-service\\node_modules\\mongoose\\lib\\connection.js:1071:34)\n    at Mongoose.connect (C:\\Users\\Shubhankar\\interview_prep\\microservices-social-media\\identity-service\\node_modules\\mongoose\\lib\\mongoose.js:450:15)\n    at Object.<anonymous> (C:\\Users\\Shubhankar\\interview_prep\\microservices-social-media\\identity-service\\src\\index.js:14:10)\n    at Module._compile (node:internal/modules/cjs/loader:1358:14)\n    at Module._extensions..js (node:internal/modules/cjs/loader:1416:10)\n    at Module.load (node:internal/modules/cjs/loader:1208:32)\n    at Module._load (node:internal/modules/cjs/loader:1024:12)\n    at Function.executeUserEntryPoint [as runMain] (node:internal/modules/run_main:174:12)\n    at node:internal/main/run_main_module:28:49","timestamp":"2025-05-18T14:28:12.062Z"}
{"level":"info","message":"Connected to mongo db","service":"identity-service","timestamp":"2025-05-18T14:29:02.802Z"}
{"level":"info","message":"Connected to mongo db","service":"identity-service","timestamp":"2025-05-18T14:32:25.290Z"}
{"level":"info","message":"identity service is running at port 3001","service":"identity-service","timestamp":"2025-05-19T04:52:28.331Z"}
{"level":"info","message":"Connected to mongo db","service":"identity-service","timestamp":"2025-05-19T04:52:29.370Z"}
{"level":"info","message":"identity service is running at port 3001","service":"identity-service","timestamp":"2025-05-19T04:54:54.496Z"}
{"level":"info","message":"Connected to mongo db","service":"identity-service","timestamp":"2025-05-19T04:54:55.542Z"}
{"level":"info","message":"identity service is running at port 3001","service":"identity-service","timestamp":"2025-05-19T04:57:30.502Z"}
{"level":"info","message":"Connected to mongo db","service":"identity-service","timestamp":"2025-05-19T04:57:46.327Z"}
{"level":"info","message":"received POST from url /api/auth/register","service":"identity-service","timestamp":"2025-05-19T04:57:55.261Z"}
{"level":"info","message":"request body : undefined","service":"identity-service","timestamp":"2025-05-19T04:57:55.262Z"}
{"level":"info","message":"Entering registration of user endpoint...","service":"identity-service","timestamp":"2025-05-19T04:57:55.268Z"}
{"level":"warn","message":"error with registering user Cannot destructure property 'error' of 'validationRegistration(...)' as it is undefined.","service":"identity-service","stack":"TypeError: Cannot destructure property 'error' of 'validationRegistration(...)' as it is undefined.\n    at registerUser (C:\\Users\\Shubhankar\\interview_prep\\microservices-social-media\\identity-service\\src\\controllers\\identity-controllers.js:10:16)\n    at Layer.handleRequest (C:\\Users\\Shubhankar\\interview_prep\\microservices-social-media\\identity-service\\node_modules\\router\\lib\\layer.js:152:17)\n    at next (C:\\Users\\Shubhankar\\interview_prep\\microservices-social-media\\identity-service\\node_modules\\router\\lib\\route.js:157:13)\n    at Route.dispatch (C:\\Users\\Shubhankar\\interview_prep\\microservices-social-media\\identity-service\\node_modules\\router\\lib\\route.js:117:3)\n    at handle (C:\\Users\\Shubhankar\\interview_prep\\microservices-social-media\\identity-service\\node_modules\\router\\index.js:435:11)\n    at Layer.handleRequest (C:\\Users\\Shubhankar\\interview_prep\\microservices-social-media\\identity-service\\node_modules\\router\\lib\\layer.js:152:17)\n    at C:\\Users\\Shubhankar\\interview_prep\\microservices-social-media\\identity-service\\node_modules\\router\\index.js:295:15\n    at processParams (C:\\Users\\Shubhankar\\interview_prep\\microservices-social-media\\identity-service\\node_modules\\router\\index.js:582:12)\n    at next (C:\\Users\\Shubhankar\\interview_prep\\microservices-social-media\\identity-service\\node_modules\\router\\index.js:291:5)\n    at Function.handle (C:\\Users\\Shubhankar\\interview_prep\\microservices-social-media\\identity-service\\node_modules\\router\\index.js:186:3)","timestamp":"2025-05-19T04:57:55.272Z"}
{"body":"{\r\n    \"userName\" : \"shubhankarbhant\",\r\n    \"email\" : \"shubhankarbhanot@gmail.com\",\r\n    \"password\" : \"12345678\",\r\n}","expose":true,"level":"error","message":"Expected double-quoted property name in JSON at position 115","service":"identity-service","stack":"SyntaxError: Expected double-quoted property name in JSON at position 115\n    at JSON.parse (<anonymous>)\n    at parse (C:\\Users\\Shubhankar\\interview_prep\\microservices-social-media\\identity-service\\node_modules\\body-parser\\lib\\types\\json.js:77:19)\n    at C:\\Users\\Shubhankar\\interview_prep\\microservices-social-media\\identity-service\\node_modules\\body-parser\\lib\\read.js:123:18\n    at AsyncResource.runInAsyncScope (node:async_hooks:206:9)\n    at invokeCallback (C:\\Users\\Shubhankar\\interview_prep\\microservices-social-media\\identity-service\\node_modules\\raw-body\\index.js:238:16)\n    at done (C:\\Users\\Shubhankar\\interview_prep\\microservices-social-media\\identity-service\\node_modules\\raw-body\\index.js:227:7)\n    at IncomingMessage.onEnd (C:\\Users\\Shubhankar\\interview_prep\\microservices-social-media\\identity-service\\node_modules\\raw-body\\index.js:287:7)\n    at IncomingMessage.emit (node:events:519:28)\n    at endReadableNT (node:internal/streams/readable:1696:12)\n    at process.processTicksAndRejections (node:internal/process/task_queues:82:21)","status":400,"statusCode":400,"timestamp":"2025-05-19T04:59:30.352Z","type":"entity.parse.failed"}
{"level":"info","message":"received POST from url /api/auth/register","service":"identity-service","timestamp":"2025-05-19T04:59:36.372Z"}
{"level":"info","message":"request body : [object Object]","service":"identity-service","timestamp":"2025-05-19T04:59:36.373Z"}
{"level":"info","message":"Entering registration of user endpoint...","service":"identity-service","timestamp":"2025-05-19T04:59:36.374Z"}
{"level":"warn","message":"error with registering user Cannot destructure property 'error' of 'validationRegistration(...)' as it is undefined.","service":"identity-service","stack":"TypeError: Cannot destructure property 'error' of 'validationRegistration(...)' as it is undefined.\n    at registerUser (C:\\Users\\Shubhankar\\interview_prep\\microservices-social-media\\identity-service\\src\\controllers\\identity-controllers.js:10:16)\n    at Layer.handleRequest (C:\\Users\\Shubhankar\\interview_prep\\microservices-social-media\\identity-service\\node_modules\\router\\lib\\layer.js:152:17)\n    at next (C:\\Users\\Shubhankar\\interview_prep\\microservices-social-media\\identity-service\\node_modules\\router\\lib\\route.js:157:13)\n    at Route.dispatch (C:\\Users\\Shubhankar\\interview_prep\\microservices-social-media\\identity-service\\node_modules\\router\\lib\\route.js:117:3)\n    at handle (C:\\Users\\Shubhankar\\interview_prep\\microservices-social-media\\identity-service\\node_modules\\router\\index.js:435:11)\n    at Layer.handleRequest (C:\\Users\\Shubhankar\\interview_prep\\microservices-social-media\\identity-service\\node_modules\\router\\lib\\layer.js:152:17)\n    at C:\\Users\\Shubhankar\\interview_prep\\microservices-social-media\\identity-service\\node_modules\\router\\index.js:295:15\n    at processParams (C:\\Users\\Shubhankar\\interview_prep\\microservices-social-media\\identity-service\\node_modules\\router\\index.js:582:12)\n    at next (C:\\Users\\Shubhankar\\interview_prep\\microservices-social-media\\identity-service\\node_modules\\router\\index.js:291:5)\n    at Function.handle (C:\\Users\\Shubhankar\\interview_prep\\microservices-social-media\\identity-service\\node_modules\\router\\index.js:186:3)","timestamp":"2025-05-19T04:59:36.377Z"}
{"level":"info","message":"received POST from url /api/auth/register","service":"identity-service","timestamp":"2025-05-19T05:03:11.564Z"}
{"level":"info","message":"request body : [object Object]","service":"identity-service","timestamp":"2025-05-19T05:03:11.565Z"}
{"level":"info","message":"Entering registration of user endpoint...","service":"identity-service","timestamp":"2025-05-19T05:03:11.566Z"}
{"level":"warn","message":"error with registering user Cannot destructure property 'error' of 'validationRegistration(...)' as it is undefined.","service":"identity-service","stack":"TypeError: Cannot destructure property 'error' of 'validationRegistration(...)' as it is undefined.\n    at registerUser (C:\\Users\\Shubhankar\\interview_prep\\microservices-social-media\\identity-service\\src\\controllers\\identity-controllers.js:10:16)\n    at Layer.handleRequest (C:\\Users\\Shubhankar\\interview_prep\\microservices-social-media\\identity-service\\node_modules\\router\\lib\\layer.js:152:17)\n    at next (C:\\Users\\Shubhankar\\interview_prep\\microservices-social-media\\identity-service\\node_modules\\router\\lib\\route.js:157:13)\n    at Route.dispatch (C:\\Users\\Shubhankar\\interview_prep\\microservices-social-media\\identity-service\\node_modules\\router\\lib\\route.js:117:3)\n    at handle (C:\\Users\\Shubhankar\\interview_prep\\microservices-social-media\\identity-service\\node_modules\\router\\index.js:435:11)\n    at Layer.handleRequest (C:\\Users\\Shubhankar\\interview_prep\\microservices-social-media\\identity-service\\node_modules\\router\\lib\\layer.js:152:17)\n    at C:\\Users\\Shubhankar\\interview_prep\\microservices-social-media\\identity-service\\node_modules\\router\\index.js:295:15\n    at processParams (C:\\Users\\Shubhankar\\interview_prep\\microservices-social-media\\identity-service\\node_modules\\router\\index.js:582:12)\n    at next (C:\\Users\\Shubhankar\\interview_prep\\microservices-social-media\\identity-service\\node_modules\\router\\index.js:291:5)\n    at Function.handle (C:\\Users\\Shubhankar\\interview_prep\\microservices-social-media\\identity-service\\node_modules\\router\\index.js:186:3)","timestamp":"2025-05-19T05:03:11.567Z"}
{"level":"info","message":"identity service is running at port 3001","service":"identity-service","timestamp":"2025-05-19T05:03:25.133Z"}
{"level":"info","message":"Connected to mongo db","service":"identity-service","timestamp":"2025-05-19T05:03:26.594Z"}
{"level":"info","message":"identity service is running at port 3001","service":"identity-service","timestamp":"2025-05-19T05:03:30.188Z"}
{"level":"info","message":"received POST from url /api/auth/register","service":"identity-service","timestamp":"2025-05-19T05:03:32.680Z"}
{"level":"info","message":"request body : [object Object]","service":"identity-service","timestamp":"2025-05-19T05:03:32.681Z"}
{"level":"info","message":"Entering registration of user endpoint...","service":"identity-service","timestamp":"2025-05-19T05:03:32.684Z"}
{"0":"C","1":"a","10":"t","11":"r","12":"u","13":"c","14":"t","15":"u","16":"r","17":"e","18":" ","19":"p","2":"n","20":"r","21":"o","22":"p","23":"e","24":"r","25":"t","26":"y","27":" ","28":"'","29":"e","3":"n","30":"r","31":"r","32":"o","33":"r","34":"'","35":" ","36":"o","37":"f","38":" ","39":"'","4":"o","40":"v","41":"a","42":"l","43":"i","44":"d","45":"a","46":"t","47":"i","48":"o","49":"n","5":"t","50":"R","51":"e","52":"g","53":"i","54":"s","55":"t","56":"r","57":"a","58":"t","59":"i","6":" ","60":"o","61":"n","62":"(","63":".","64":".","65":".","66":")","67":"'","68":" ","69":"a","7":"d","70":"s","71":" ","72":"i","73":"t","74":" ","75":"i","76":"s","77":" ","78":"u","79":"n","8":"e","80":"d","81":"e","82":"f","83":"i","84":"n","85":"e","86":"d","87":".","9":"s","level":"warn","message":"error with registering user","service":"identity-service","timestamp":"2025-05-19T05:03:32.689Z"}
{"level":"info","message":"Connected to mongo db","service":"identity-service","timestamp":"2025-05-19T05:03:33.015Z"}
{"level":"info","message":"identity service is running at port 3001","service":"identity-service","timestamp":"2025-05-19T05:04:10.888Z"}
{"level":"info","message":"received POST from url /api/auth/register","service":"identity-service","timestamp":"2025-05-19T05:04:13.271Z"}
{"level":"info","message":"request body : [object Object]","service":"identity-service","timestamp":"2025-05-19T05:04:13.271Z"}
{"level":"info","message":"Entering registration of user endpoint...","service":"identity-service","timestamp":"2025-05-19T05:04:13.275Z"}
{"0":"C","1":"a","10":"t","11":"r","12":"u","13":"c","14":"t","15":"u","16":"r","17":"e","18":" ","19":"p","2":"n","20":"r","21":"o","22":"p","23":"e","24":"r","25":"t","26":"y","27":" ","28":"'","29":"e","3":"n","30":"r","31":"r","32":"o","33":"r","34":"'","35":" ","36":"o","37":"f","38":" ","39":"'","4":"o","40":"v","41":"a","42":"l","43":"i","44":"d","45":"a","46":"t","47":"i","48":"o","49":"n","5":"t","50":"R","51":"e","52":"g","53":"i","54":"s","55":"t","56":"r","57":"a","58":"t","59":"i","6":" ","60":"o","61":"n","62":"(","63":".","64":".","65":".","66":")","67":"'","68":" ","69":"a","7":"d","70":"s","71":" ","72":"i","73":"t","74":" ","75":"i","76":"s","77":" ","78":"u","79":"n","8":"e","80":"d","81":"e","82":"f","83":"i","84":"n","85":"e","86":"d","87":".","9":"s","level":"warn","message":"error with registering user","service":"identity-service","timestamp":"2025-05-19T05:04:13.280Z"}
{"level":"info","message":"Connected to mongo db","service":"identity-service","timestamp":"2025-05-19T05:04:13.741Z"}
{"level":"info","message":"identity service is running at port 3001","service":"identity-service","timestamp":"2025-05-19T05:06:39.690Z"}
{"level":"info","message":"Connected to mongo db","service":"identity-service","timestamp":"2025-05-19T05:06:41.741Z"}
{"level":"info","message":"identity service is running at port 3001","service":"identity-service","timestamp":"2025-05-19T05:09:16.976Z"}
{"level":"info","message":"Connected to mongo db","service":"identity-service","timestamp":"2025-05-19T05:09:17.707Z"}
{"level":"info","message":"identity service is running at port 3001","service":"identity-service","timestamp":"2025-05-19T05:09:34.049Z"}
{"level":"info","message":"Connected to mongo db","service":"identity-service","timestamp":"2025-05-19T05:09:36.571Z"}
{"level":"info","message":"received POST from url /api/auth/register","service":"identity-service","timestamp":"2025-05-19T05:09:42.461Z"}
{"level":"info","message":"request body : [object Object]","service":"identity-service","timestamp":"2025-05-19T05:09:42.462Z"}
{"level":"info","message":"Entering registration of user endpoint...","service":"identity-service","timestamp":"2025-05-19T05:09:42.466Z"}
{"buffer":{"data":[104,42,189,22,131,179,238,245,89,212,168,65],"type":"Buffer"},"level":"warn","message":"User saved successfully","service":"identity-service","timestamp":"2025-05-19T05:09:42.674Z"}
{"level":"info","message":"identity service is running at port 3001","service":"identity-service","timestamp":"2025-05-19T05:10:49.231Z"}
{"level":"info","message":"Connected to mongo db","service":"identity-service","timestamp":"2025-05-19T05:10:53.989Z"}
{"level":"info","message":"received POST from url /api/auth/register","service":"identity-service","timestamp":"2025-05-19T05:11:03.945Z"}
{"level":"info","message":"request body : [object Object]","service":"identity-service","timestamp":"2025-05-19T05:11:03.945Z"}
{"level":"info","message":"Entering registration of user endpoint...","service":"identity-service","timestamp":"2025-05-19T05:11:03.950Z"}
{"buffer":{"data":[104,42,189,104,144,190,8,200,180,99,252,139],"type":"Buffer"},"level":"info","message":"User saved successfully","service":"identity-service","timestamp":"2025-05-19T05:11:04.179Z"}
{"level":"info","message":"identity service is running at port 3001","service":"identity-service","timestamp":"2025-05-19T05:19:40.475Z"}
{"level":"info","message":"Connected to mongo db","service":"identity-service","timestamp":"2025-05-19T05:19:41.166Z"}
{"level":"info","message":"received POST from url /api/auth/register","service":"identity-service","timestamp":"2025-05-19T05:20:10.454Z"}
{"level":"info","message":"request body : [object Object]","service":"identity-service","timestamp":"2025-05-19T05:20:10.454Z"}
{"level":"info","message":"Entering registration of user endpoint...","service":"identity-service","timestamp":"2025-05-19T05:20:10.459Z"}
{"buffer":{"data":[104,42,191,138,67,78,102,161,186,247,6,55],"type":"Buffer"},"level":"info","message":"User saved successfully","service":"identity-service","timestamp":"2025-05-19T05:20:10.654Z"}
{"level":"info","message":"identity service is running at port 3001","service":"identity-service","timestamp":"2025-05-19T06:34:15.624Z"}
{"level":"info","message":"Connected to mongo db","service":"identity-service","timestamp":"2025-05-19T06:34:16.762Z"}
{"level":"info","message":"received POST from url /api/auth/register","service":"identity-service","timestamp":"2025-05-19T06:34:41.114Z"}
{"level":"info","message":"request body : [object Object]","service":"identity-service","timestamp":"2025-05-19T06:34:41.115Z"}
{"level":"info","message":"Entering registration of user endpoint...","service":"identity-service","timestamp":"2025-05-19T06:34:41.126Z"}
{"buffer":{"data":[104,42,209,1,224,175,64,215,149,176,166,198],"type":"Buffer"},"level":"info","message":"User saved successfully","service":"identity-service","timestamp":"2025-05-19T06:34:41.395Z"}
{"level":"info","message":"received POST from url /api/auth/register","service":"identity-service","timestamp":"2025-05-19T06:34:46.166Z"}
{"level":"info","message":"request body : [object Object]","service":"identity-service","timestamp":"2025-05-19T06:34:46.167Z"}
{"level":"info","message":"Entering registration of user endpoint...","service":"identity-service","timestamp":"2025-05-19T06:34:46.170Z"}
{"level":"warn","message":"User already exists","service":"identity-service","timestamp":"2025-05-19T06:34:46.243Z"}
{"level":"info","message":"identity service is running at port 3001","service":"identity-service","timestamp":"2025-05-19T06:41:58.828Z"}
{"level":"info","message":"Connected to mongo db","service":"identity-service","timestamp":"2025-05-19T06:41:59.495Z"}
{"level":"info","message":"identity service is running at port 3001","service":"identity-service","timestamp":"2025-05-19T06:42:08.607Z"}
{"level":"info","message":"Connected to mongo db","service":"identity-service","timestamp":"2025-05-19T06:42:09.214Z"}
{"level":"info","message":"identity service is running at port 3001","service":"identity-service","timestamp":"2025-05-19T06:47:02.615Z"}
{"level":"info","message":"Connected to mongo db","service":"identity-service","timestamp":"2025-05-19T06:47:03.198Z"}
{"level":"info","message":"identity service is running at port 3001","service":"identity-service","timestamp":"2025-05-19T06:47:22.505Z"}
{"level":"info","message":"identity service is running at port 3001","service":"identity-service","timestamp":"2025-05-19T06:47:24.591Z"}
{"level":"info","message":"Connected to mongo db","service":"identity-service","timestamp":"2025-05-19T06:47:25.152Z"}
{"level":"info","message":"identity service is running at port 3001","service":"identity-service","timestamp":"2025-05-19T06:47:53.551Z"}
{"level":"info","message":"Connected to mongo db","service":"identity-service","timestamp":"2025-05-19T06:47:54.123Z"}
{"level":"info","message":"identity service is running at port 3001","service":"identity-service","timestamp":"2025-05-19T06:49:11.881Z"}
{"level":"info","message":"Connected to mongo db","service":"identity-service","timestamp":"2025-05-19T06:49:12.394Z"}
{"level":"info","message":"identity service is running at port 3001","service":"identity-service","timestamp":"2025-05-19T06:52:19.510Z"}
{"level":"info","message":"Connected to mongo db","service":"identity-service","timestamp":"2025-05-19T06:52:20.140Z"}
{"level":"info","message":"identity service is running at port 3001","service":"identity-service","timestamp":"2025-05-19T06:53:08.166Z"}
{"level":"info","message":"Connected to mongo db","service":"identity-service","timestamp":"2025-05-19T06:53:09.477Z"}
{"level":"info","message":"identity service is running at port 3001","service":"identity-service","timestamp":"2025-05-19T06:53:21.333Z"}
{"level":"info","message":"Connected to mongo db","service":"identity-service","timestamp":"2025-05-19T06:53:21.864Z"}
{"level":"info","message":"identity service is running at port 3001","service":"identity-service","timestamp":"2025-05-19T06:53:53.941Z"}
{"level":"info","message":"Connected to mongo db","service":"identity-service","timestamp":"2025-05-19T06:53:54.569Z"}
{"level":"info","message":"identity service is running at port 3001","service":"identity-service","timestamp":"2025-05-19T06:54:01.037Z"}
{"level":"info","message":"Connected to mongo db","service":"identity-service","timestamp":"2025-05-19T06:54:01.620Z"}
{"level":"info","message":"received POST from url /api/auth/login","service":"identity-service","timestamp":"2025-05-19T06:54:22.256Z"}
{"level":"info","message":"request body : [object Object]","service":"identity-service","timestamp":"2025-05-19T06:54:22.258Z"}
{"level":"info","message":"identity service is running at port 3001","service":"identity-service","timestamp":"2025-05-19T06:54:57.966Z"}
{"level":"info","message":"Connected to mongo db","service":"identity-service","timestamp":"2025-05-19T06:54:59.834Z"}
{"level":"info","message":"received POST from url /api/auth/login","service":"identity-service","timestamp":"2025-05-19T06:55:04.021Z"}
{"level":"info","message":"request body : [object Object]","service":"identity-service","timestamp":"2025-05-19T06:55:04.023Z"}
{"level":"info","message":"Entering login of user endpoint...","service":"identity-service","timestamp":"2025-05-19T06:55:04.030Z"}
{"level":"warn","message":"error while loggin in user  Joi.string(...).min(...).ax is not a function","service":"identity-service","stack":"TypeError: Joi.string(...).min(...).ax is not a function\n    at validationLogin (C:\\Users\\Shubhankar\\interview_prep\\microservices-social-media\\identity-service\\src\\utils\\validation.js:16:39)\n    at loginUser (C:\\Users\\Shubhankar\\interview_prep\\microservices-social-media\\identity-service\\src\\controllers\\identity-controllers.js:58:21)\n    at Layer.handleRequest (C:\\Users\\Shubhankar\\interview_prep\\microservices-social-media\\identity-service\\node_modules\\router\\lib\\layer.js:152:17)\n    at next (C:\\Users\\Shubhankar\\interview_prep\\microservices-social-media\\identity-service\\node_modules\\router\\lib\\route.js:157:13)\n    at Route.dispatch (C:\\Users\\Shubhankar\\interview_prep\\microservices-social-media\\identity-service\\node_modules\\router\\lib\\route.js:117:3)\n    at handle (C:\\Users\\Shubhankar\\interview_prep\\microservices-social-media\\identity-service\\node_modules\\router\\index.js:435:11)\n    at Layer.handleRequest (C:\\Users\\Shubhankar\\interview_prep\\microservices-social-media\\identity-service\\node_modules\\router\\lib\\layer.js:152:17)\n    at C:\\Users\\Shubhankar\\interview_prep\\microservices-social-media\\identity-service\\node_modules\\router\\index.js:295:15\n    at processParams (C:\\Users\\Shubhankar\\interview_prep\\microservices-social-media\\identity-service\\node_modules\\router\\index.js:582:12)\n    at next (C:\\Users\\Shubhankar\\interview_prep\\microservices-social-media\\identity-service\\node_modules\\router\\index.js:291:5)","timestamp":"2025-05-19T06:55:04.032Z"}
{"level":"info","message":"identity service is running at port 3001","service":"identity-service","timestamp":"2025-05-19T06:55:56.267Z"}
{"level":"info","message":"Connected to mongo db","service":"identity-service","timestamp":"2025-05-19T06:55:59.206Z"}
{"level":"info","message":"received POST from url /api/auth/login","service":"identity-service","timestamp":"2025-05-19T06:56:04.531Z"}
{"level":"info","message":"request body : [object Object]","service":"identity-service","timestamp":"2025-05-19T06:56:04.534Z"}
{"level":"info","message":"Entering login of user endpoint...","service":"identity-service","timestamp":"2025-05-19T06:56:04.540Z"}
{"level":"info","message":"identity service is running at port 3001","service":"identity-service","timestamp":"2025-05-19T06:57:05.777Z"}
{"level":"info","message":"Connected to mongo db","service":"identity-service","timestamp":"2025-05-19T06:57:06.410Z"}
{"level":"info","message":"received POST from url /api/auth/login","service":"identity-service","timestamp":"2025-05-19T06:57:11.213Z"}
{"level":"info","message":"request body : [object Object]","service":"identity-service","timestamp":"2025-05-19T06:57:11.215Z"}
{"level":"info","message":"Entering login of user endpoint...","service":"identity-service","timestamp":"2025-05-19T06:57:11.222Z"}
{"level":"info","message":"identity service is running at port 3001","service":"identity-service","timestamp":"2025-05-19T07:16:18.750Z"}
{"level":"info","message":"Connected to mongo db","service":"identity-service","timestamp":"2025-05-19T07:16:19.378Z"}
{"level":"info","message":"identity service is running at port 3001","service":"identity-service","timestamp":"2025-05-19T07:16:44.965Z"}
{"level":"info","message":"Connected to mongo db","service":"identity-service","timestamp":"2025-05-19T07:16:45.511Z"}
{"level":"info","message":"identity service is running at port 3001","service":"identity-service","timestamp":"2025-05-20T07:09:29.960Z"}
{"level":"info","message":"Connected to mongo db","service":"identity-service","timestamp":"2025-05-20T07:09:30.414Z"}
{"level":"info","message":"identity service is running at port 3001","service":"identity-service","timestamp":"2025-05-20T07:15:35.804Z"}
{"level":"info","message":"Connected to mongo db","service":"identity-service","timestamp":"2025-05-20T07:15:36.212Z"}
{"level":"info","message":"identity service is running at port 3001","service":"identity-service","timestamp":"2025-05-20T07:15:43.877Z"}
{"level":"info","message":"Connected to mongo db","service":"identity-service","timestamp":"2025-05-20T07:15:44.254Z"}
{"level":"info","message":"identity service is running at port 3001","service":"identity-service","timestamp":"2025-05-20T10:36:52.991Z"}
{"level":"info","message":"Connected to mongo db","service":"identity-service","timestamp":"2025-05-20T10:36:53.466Z"}
{"level":"info","message":"identity service is running at port 3001","service":"identity-service","timestamp":"2025-05-21T04:50:06.706Z"}
{"cause":{"commonWireVersion":0,"compatible":true,"heartbeatFrequencyMS":10000,"localThresholdMS":15,"logicalSessionTimeoutMinutes":null,"maxElectionId":null,"maxSetVersion":null,"servers":{"ac-neqezih-shard-00-00.twvv6u9.mongodb.net:27017":{"$clusterTime":null,"address":"ac-neqezih-shard-00-00.twvv6u9.mongodb.net:27017","arbiters":[],"electionId":null,"error":{"beforeHandshake":false,"errorLabelSet":{}},"hosts":[],"iscryptd":false,"lastUpdateTime":140096214,"lastWriteDate":0,"logicalSessionTimeoutMinutes":null,"maxBsonObjectSize":null,"maxMessageSizeBytes":null,"maxWireVersion":0,"maxWriteBatchSize":null,"me":null,"minRoundTripTime":0,"minWireVersion":0,"passives":[],"primary":null,"roundTripTime":-1,"setName":null,"setVersion":null,"tags":{},"topologyVersion":null,"type":"Unknown"},"ac-neqezih-shard-00-01.twvv6u9.mongodb.net:27017":{"$clusterTime":null,"address":"ac-neqezih-shard-00-01.twvv6u9.mongodb.net:27017","arbiters":[],"electionId":null,"error":{"beforeHandshake":false,"errorLabelSet":{}},"hosts":[],"iscryptd":false,"lastUpdateTime":140097141,"lastWriteDate":0,"logicalSessionTimeoutMinutes":null,"maxBsonObjectSize":null,"maxMessageSizeBytes":null,"maxWireVersion":0,"maxWriteBatchSize":null,"me":null,"minRoundTripTime":0,"minWireVersion":0,"passives":[],"primary":null,"roundTripTime":-1,"setName":null,"setVersion":null,"tags":{},"topologyVersion":null,"type":"Unknown"},"ac-neqezih-shard-00-02.twvv6u9.mongodb.net:27017":{"$clusterTime":null,"address":"ac-neqezih-shard-00-02.twvv6u9.mongodb.net:27017","arbiters":[],"electionId":null,"error":{"beforeHandshake":false,"errorLabelSet":{}},"hosts":[],"iscryptd":false,"lastUpdateTime":140097141,"lastWriteDate":0,"logicalSessionTimeoutMinutes":null,"maxBsonObjectSize":null,"maxMessageSizeBytes":null,"maxWireVersion":0,"maxWriteBatchSize":null,"me":null,"minRoundTripTime":0,"minWireVersion":0,"passives":[],"primary":null,"roundTripTime":-1,"setName":null,"setVersion":null,"tags":{},"topologyVersion":null,"type":"Unknown"}},"setName":"atlas-kwyaa5-shard-0","stale":false,"type":"ReplicaSetNoPrimary"},"errorLabelSet":{},"level":"error","message":"Could not connect to any servers in your MongoDB Atlas cluster. One common reason is that you're trying to access the database from an IP that isn't whitelisted. Make sure your current IP address is on your Atlas cluster's IP whitelist: https://www.mongodb.com/docs/atlas/security-whitelist/","reason":{"commonWireVersion":0,"compatible":true,"heartbeatFrequencyMS":10000,"localThresholdMS":15,"logicalSessionTimeoutMinutes":null,"maxElectionId":null,"maxSetVersion":null,"servers":{"ac-neqezih-shard-00-00.twvv6u9.mongodb.net:27017":{"$clusterTime":null,"address":"ac-neqezih-shard-00-00.twvv6u9.mongodb.net:27017","arbiters":[],"electionId":null,"error":{"beforeHandshake":false,"errorLabelSet":{}},"hosts":[],"iscryptd":false,"lastUpdateTime":140096214,"lastWriteDate":0,"logicalSessionTimeoutMinutes":null,"maxBsonObjectSize":null,"maxMessageSizeBytes":null,"maxWireVersion":0,"maxWriteBatchSize":null,"me":null,"minRoundTripTime":0,"minWireVersion":0,"passives":[],"primary":null,"roundTripTime":-1,"setName":null,"setVersion":null,"tags":{},"topologyVersion":null,"type":"Unknown"},"ac-neqezih-shard-00-01.twvv6u9.mongodb.net:27017":{"$clusterTime":null,"address":"ac-neqezih-shard-00-01.twvv6u9.mongodb.net:27017","arbiters":[],"electionId":null,"error":{"beforeHandshake":false,"errorLabelSet":{}},"hosts":[],"iscryptd":false,"lastUpdateTime":140097141,"lastWriteDate":0,"logicalSessionTimeoutMinutes":null,"maxBsonObjectSize":null,"maxMessageSizeBytes":null,"maxWireVersion":0,"maxWriteBatchSize":null,"me":null,"minRoundTripTime":0,"minWireVersion":0,"passives":[],"primary":null,"roundTripTime":-1,"setName":null,"setVersion":null,"tags":{},"topologyVersion":null,"type":"Unknown"},"ac-neqezih-shard-00-02.twvv6u9.mongodb.net:27017":{"$clusterTime":null,"address":"ac-neqezih-shard-00-02.twvv6u9.mongodb.net:27017","arbiters":[],"electionId":null,"error":{"beforeHandshake":false,"errorLabelSet":{}},"hosts":[],"iscryptd":false,"lastUpdateTime":140097141,"lastWriteDate":0,"logicalSessionTimeoutMinutes":null,"maxBsonObjectSize":null,"maxMessageSizeBytes":null,"maxWireVersion":0,"maxWriteBatchSize":null,"me":null,"minRoundTripTime":0,"minWireVersion":0,"passives":[],"primary":null,"roundTripTime":-1,"setName":null,"setVersion":null,"tags":{},"topologyVersion":null,"type":"Unknown"}},"setName":"atlas-kwyaa5-shard-0","stale":false,"type":"ReplicaSetNoPrimary"},"service":"identity-service","stack":"MongooseServerSelectionError: Could not connect to any servers in your MongoDB Atlas cluster. One common reason is that you're trying to access the database from an IP that isn't whitelisted. Make sure your current IP address is on your Atlas cluster's IP whitelist: https://www.mongodb.com/docs/atlas/security-whitelist/\n    at _handleConnectionErrors (C:\\Users\\Shubhankar\\interview_prep\\microservices-social-media\\identity-service\\node_modules\\mongoose\\lib\\connection.js:1165:11)\n    at NativeConnection.openUri (C:\\Users\\Shubhankar\\interview_prep\\microservices-social-media\\identity-service\\node_modules\\mongoose\\lib\\connection.js:1096:11)","timestamp":"2025-05-21T04:50:36.804Z"}
{"level":"info","message":"identity service is running at port 3001","service":"identity-service","timestamp":"2025-05-21T04:57:16.224Z"}
{"level":"info","message":"Connected to mongo db","service":"identity-service","timestamp":"2025-05-21T04:57:16.880Z"}
{"level":"info","message":"received POST from url /api/auth/login","service":"identity-service","timestamp":"2025-05-21T04:58:20.808Z"}
{"level":"info","message":"request body : [object Object]","service":"identity-service","timestamp":"2025-05-21T04:58:20.808Z"}
{"level":"info","message":"Entering login of user endpoint...","service":"identity-service","timestamp":"2025-05-21T04:58:20.812Z"}
{"level":"info","message":"received POST from url /api/auth/login","service":"identity-service","timestamp":"2025-05-21T04:59:48.773Z"}
{"level":"info","message":"request body : [object Object]","service":"identity-service","timestamp":"2025-05-21T04:59:48.774Z"}
{"level":"info","message":"Entering login of user endpoint...","service":"identity-service","timestamp":"2025-05-21T04:59:48.775Z"}
{"level":"info","message":"received POST from url /api/auth/login","service":"identity-service","timestamp":"2025-05-21T05:13:21.530Z"}
{"level":"info","message":"request body : [object Object]","service":"identity-service","timestamp":"2025-05-21T05:13:21.531Z"}
{"level":"info","message":"Entering login of user endpoint...","service":"identity-service","timestamp":"2025-05-21T05:13:21.532Z"}
{"level":"info","message":"received POST from url /api/auth/login","service":"identity-service","timestamp":"2025-05-21T06:23:39.664Z"}
{"level":"info","message":"request body : [object Object]","service":"identity-service","timestamp":"2025-05-21T06:23:39.665Z"}
{"level":"info","message":"Entering login of user endpoint...","service":"identity-service","timestamp":"2025-05-21T06:23:39.668Z"}
{"level":"info","message":"identity service is running at port 3001","service":"identity-service","timestamp":"2025-05-23T08:30:49.520Z"}
{"level":"info","message":"Connected to mongo db","service":"identity-service","timestamp":"2025-05-23T08:30:50.557Z"}
