{"level":"info","message":"Connected to rabbitmq","service":"post-service","timestamp":"2025-05-28T06:55:57.950Z"}
{"level":"info","message":"Subscribed to the event: post.created","service":"post-service","timestamp":"2025-05-28T06:55:57.958Z"}
{"level":"info","message":"Search service is running at port 3004","service":"post-service","timestamp":"2025-05-28T06:55:57.961Z"}
{"level":"info","message":"connected to mongo db","service":"post-service","timestamp":"2025-05-28T06:55:58.273Z"}
{"level":"info","message":"Connected to rabbitmq","service":"post-service","timestamp":"2025-05-28T07:19:56.226Z"}
{"level":"info","message":"Subscribed to the event: post.created","service":"post-service","timestamp":"2025-05-28T07:19:56.239Z"}
{"level":"info","message":"Search service is running at port 3004","service":"post-service","timestamp":"2025-05-28T07:19:56.242Z"}
{"level":"info","message":"connected to mongo db","service":"post-service","timestamp":"2025-05-28T07:19:56.833Z"}
{"level":"info","message":"Connected to rabbitmq","service":"post-service","timestamp":"2025-05-28T07:21:08.324Z"}
{"level":"info","message":"Subscribed to the event: post.created","service":"post-service","timestamp":"2025-05-28T07:21:08.332Z"}
{"level":"info","message":"Search service is running at port 3004","service":"post-service","timestamp":"2025-05-28T07:21:08.334Z"}
{"level":"info","message":"connected to mongo db","service":"post-service","timestamp":"2025-05-28T07:21:08.657Z"}
{"level":"info","message":"Connected to rabbitmq","service":"post-service","timestamp":"2025-05-28T07:22:01.643Z"}
{"level":"info","message":"Subscribed to the event: post.created","service":"post-service","timestamp":"2025-05-28T07:22:01.650Z"}
{"level":"info","message":"Search service is running at port 3004","service":"post-service","timestamp":"2025-05-28T07:22:01.652Z"}
{"level":"info","message":"connected to mongo db","service":"post-service","timestamp":"2025-05-28T07:22:02.016Z"}
{"level":"info","message":"Connected to rabbitmq","service":"post-service","timestamp":"2025-05-28T07:22:16.100Z"}
{"level":"info","message":"Subscribed to the event: post.created","service":"post-service","timestamp":"2025-05-28T07:22:16.108Z"}
{"level":"info","message":"Search service is running at port 3004","service":"post-service","timestamp":"2025-05-28T07:22:16.111Z"}
{"level":"info","message":"connected to mongo db","service":"post-service","timestamp":"2025-05-28T07:22:16.419Z"}
{"level":"info","message":"Connected to rabbitmq","service":"post-service","timestamp":"2025-05-28T08:53:18.364Z"}
{"level":"info","message":"Subscribed to the event: post.created","service":"post-service","timestamp":"2025-05-28T08:53:18.403Z"}
{"level":"info","message":"Search service is running at port 3004","service":"post-service","timestamp":"2025-05-28T08:53:18.405Z"}
{"level":"info","message":"connected to mongo db","service":"post-service","timestamp":"2025-05-28T08:53:18.749Z"}
{"level":"info","message":"Connected to rabbitmq","service":"post-service","timestamp":"2025-05-28T08:54:27.318Z"}
{"level":"info","message":"Subscribed to the event: post.created","service":"post-service","timestamp":"2025-05-28T08:54:27.352Z"}
{"level":"info","message":"Search service is running at port 3004","service":"post-service","timestamp":"2025-05-28T08:54:27.355Z"}
{"level":"info","message":"connected to mongo db","service":"post-service","timestamp":"2025-05-28T08:54:27.842Z"}
{"level":"info","message":"Connected to rabbitmq","service":"post-service","timestamp":"2025-05-28T08:57:55.704Z"}
{"level":"info","message":"Subscribed to the event: post.created","service":"post-service","timestamp":"2025-05-28T08:57:55.711Z"}
{"level":"info","message":"Search service is running at port 3004","service":"post-service","timestamp":"2025-05-28T08:57:55.713Z"}
{"level":"info","message":"connected to mongo db","service":"post-service","timestamp":"2025-05-28T08:57:56.026Z"}
{"level":"info","message":"Connected to rabbitmq","service":"post-service","timestamp":"2025-05-28T08:58:22.298Z"}
{"level":"info","message":"Subscribed to the event: post.created","service":"post-service","timestamp":"2025-05-28T08:58:22.306Z"}
{"level":"info","message":"Search service is running at port 3004","service":"post-service","timestamp":"2025-05-28T08:58:22.309Z"}
{"level":"info","message":"connected to mongo db","service":"post-service","timestamp":"2025-05-28T08:58:22.621Z"}
{"level":"info","message":"Connected to rabbitmq","service":"post-service","timestamp":"2025-05-28T08:59:33.572Z"}
{"level":"info","message":"Subscribed to the event: post.created","service":"post-service","timestamp":"2025-05-28T08:59:33.582Z"}
{"level":"info","message":"Search service is running at port 3004","service":"post-service","timestamp":"2025-05-28T08:59:33.584Z"}
{"level":"info","message":"connected to mongo db","service":"post-service","timestamp":"2025-05-28T08:59:33.900Z"}
{"level":"warn","message":"Entering update search after post creation event handler","service":"post-service","timestamp":"2025-05-28T09:05:26.304Z"}
{"level":"info","message":{"postContent":"this is the 5th pub sub testing post by john doe, this is for testing pub sub between post and search services","postId":"6836d1d6d2bfe0b288d1c4c0","userId":"682abd6890be08c8b463fc8b"},"service":"post-service","timestamp":"2025-05-28T09:05:26.308Z"}
{"level":"info","message":"Event complete, Search made 6836d1d6fc02b3efce951b0c, user: 682abd6890be08c8b463fc8b , content : this is the 5th pub sub testing post by john doe, this is for testing pub sub between post and search services","service":"post-service","timestamp":"2025-05-28T09:05:26.346Z"}
{"level":"info","message":"Connected to rabbitmq","service":"post-service","timestamp":"2025-05-28T09:09:22.007Z"}
{"level":"info","message":"Subscribed to the event: post.created","service":"post-service","timestamp":"2025-05-28T09:09:22.014Z"}
{"level":"info","message":"Search service is running at port 3004","service":"post-service","timestamp":"2025-05-28T09:09:22.016Z"}
{"level":"info","message":"connected to mongo db","service":"post-service","timestamp":"2025-05-28T09:09:22.320Z"}
{"level":"info","message":"Connected to rabbitmq","service":"post-service","timestamp":"2025-05-28T09:10:08.759Z"}
{"level":"info","message":"Subscribed to the event: post.created","service":"post-service","timestamp":"2025-05-28T09:10:08.767Z"}
{"level":"info","message":"Subscribed to the event: post.deleted","service":"post-service","timestamp":"2025-05-28T09:10:08.773Z"}
{"level":"info","message":"Search service is running at port 3004","service":"post-service","timestamp":"2025-05-28T09:10:08.775Z"}
{"level":"info","message":"connected to mongo db","service":"post-service","timestamp":"2025-05-28T09:10:09.412Z"}
{"level":"warn","message":"Entering update search after post creation event handler","service":"post-service","timestamp":"2025-05-28T09:10:25.012Z"}
{"level":"info","message":{"postContent":"this is the 5th pub sub testing post by john doe, this is for testing pub sub between post and search services","postId":"6836d301d2bfe0b288d1c4c3","userId":"682abd6890be08c8b463fc8b"},"service":"post-service","timestamp":"2025-05-28T09:10:25.016Z"}
{"level":"info","message":"Event complete, Search made 6836d30123444220b2595dd4, user: 682abd6890be08c8b463fc8b , content : this is the 5th pub sub testing post by john doe, this is for testing pub sub between post and search services","service":"post-service","timestamp":"2025-05-28T09:10:25.050Z"}
{"level":"warn","message":"Entering update search after post creation event handler","service":"post-service","timestamp":"2025-05-28T09:10:50.658Z"}
{"level":"info","message":{"postContent":"this is the 6th pub sub testing post by john doe, this is for testing pub sub between post and search services","postId":"6836d31ad2bfe0b288d1c4c5","userId":"682abd6890be08c8b463fc8b"},"service":"post-service","timestamp":"2025-05-28T09:10:50.659Z"}
{"level":"info","message":"Event complete, Search made 6836d31a23444220b2595dd6, user: 682abd6890be08c8b463fc8b , content : this is the 6th pub sub testing post by john doe, this is for testing pub sub between post and search services","service":"post-service","timestamp":"2025-05-28T09:10:50.688Z"}
{"level":"info","message":"Connected to rabbitmq","service":"post-service","timestamp":"2025-05-28T09:13:26.306Z"}
{"level":"info","message":"Subscribed to the event: post.created","service":"post-service","timestamp":"2025-05-28T09:13:26.314Z"}
{"level":"info","message":"Subscribed to the event: post.deleted","service":"post-service","timestamp":"2025-05-28T09:13:26.318Z"}
{"level":"info","message":"Search service is running at port 3004","service":"post-service","timestamp":"2025-05-28T09:13:26.320Z"}
{"level":"info","message":"connected to mongo db","service":"post-service","timestamp":"2025-05-28T09:13:26.637Z"}
{"level":"info","message":"Received GET request to url : /api/search/get?this%20is","service":"post-service","timestamp":"2025-05-28T09:14:47.519Z"}
{"level":"info","message":"request body: undefined","service":"post-service","timestamp":"2025-05-28T09:14:47.519Z"}
{"level":"info","message":"Entering the searchPost controller...","service":"post-service","timestamp":"2025-05-28T09:14:47.520Z"}
{"level":"error","message":"error in the search controller MongoServerError: \"$search\" had the wrong type. Expected string, found null","service":"post-service","timestamp":"2025-05-28T09:14:47.554Z"}
{"level":"info","message":"Received GET request to url : /api/search/get?=this%20is","service":"post-service","timestamp":"2025-05-28T09:15:54.264Z"}
{"level":"info","message":"request body: undefined","service":"post-service","timestamp":"2025-05-28T09:15:54.264Z"}
{"level":"info","message":"Entering the searchPost controller...","service":"post-service","timestamp":"2025-05-28T09:15:54.265Z"}
{"level":"error","message":"error in the search controller MongoServerError: \"$search\" had the wrong type. Expected string, found null","service":"post-service","timestamp":"2025-05-28T09:15:54.293Z"}
{"level":"info","message":"Received GET request to url : /api/search/get?query=this%20is","service":"post-service","timestamp":"2025-05-28T09:16:12.197Z"}
{"level":"info","message":"request body: undefined","service":"post-service","timestamp":"2025-05-28T09:16:12.197Z"}
{"level":"info","message":"Entering the searchPost controller...","service":"post-service","timestamp":"2025-05-28T09:16:12.198Z"}
{"level":"info","message":"Received GET request to url : /api/search/get?query=this","service":"post-service","timestamp":"2025-05-28T09:16:18.725Z"}
{"level":"info","message":"request body: undefined","service":"post-service","timestamp":"2025-05-28T09:16:18.725Z"}
{"level":"info","message":"Entering the searchPost controller...","service":"post-service","timestamp":"2025-05-28T09:16:18.726Z"}
{"level":"warn","message":"Entering update search after post creation event handler","service":"post-service","timestamp":"2025-05-28T09:20:46.891Z"}
{"level":"info","message":{"postContent":"microservices post1","postId":"6836d56ed2bfe0b288d1c4c7","userId":"682abd6890be08c8b463fc8b"},"service":"post-service","timestamp":"2025-05-28T09:20:46.902Z"}
{"level":"info","message":"Event complete, Search made 6836d56e5b2b43c51ab663f4, user: 682abd6890be08c8b463fc8b , content : microservices post1","service":"post-service","timestamp":"2025-05-28T09:20:46.968Z"}
{"level":"warn","message":"Entering update search after post creation event handler","service":"post-service","timestamp":"2025-05-28T09:20:53.065Z"}
{"level":"info","message":{"postContent":"microservices post2","postId":"6836d575d2bfe0b288d1c4c9","userId":"682abd6890be08c8b463fc8b"},"service":"post-service","timestamp":"2025-05-28T09:20:53.067Z"}
{"level":"info","message":"Event complete, Search made 6836d5755b2b43c51ab663f6, user: 682abd6890be08c8b463fc8b , content : microservices post2","service":"post-service","timestamp":"2025-05-28T09:20:53.105Z"}
{"level":"warn","message":"Entering update search after post creation event handler","service":"post-service","timestamp":"2025-05-28T09:20:58.558Z"}
{"level":"info","message":{"postContent":"microservices post3","postId":"6836d57ad2bfe0b288d1c4cb","userId":"682abd6890be08c8b463fc8b"},"service":"post-service","timestamp":"2025-05-28T09:20:58.560Z"}
{"level":"info","message":"Event complete, Search made 6836d57a5b2b43c51ab663f8, user: 682abd6890be08c8b463fc8b , content : microservices post3","service":"post-service","timestamp":"2025-05-28T09:20:58.597Z"}
{"level":"warn","message":"Entering update search after post creation event handler","service":"post-service","timestamp":"2025-05-28T09:21:02.528Z"}
{"level":"info","message":{"postContent":"microservices post4","postId":"6836d57ed2bfe0b288d1c4cd","userId":"682abd6890be08c8b463fc8b"},"service":"post-service","timestamp":"2025-05-28T09:21:02.530Z"}
{"level":"info","message":"Event complete, Search made 6836d57e5b2b43c51ab663fa, user: 682abd6890be08c8b463fc8b , content : microservices post4","service":"post-service","timestamp":"2025-05-28T09:21:02.577Z"}
{"level":"info","message":"Received GET request to url : /api/search/get?query=this","service":"post-service","timestamp":"2025-05-28T09:21:49.234Z"}
{"level":"info","message":"request body: undefined","service":"post-service","timestamp":"2025-05-28T09:21:49.235Z"}
{"level":"info","message":"Entering the searchPost controller...","service":"post-service","timestamp":"2025-05-28T09:21:49.236Z"}
{"level":"info","message":"Received GET request to url : /api/search/get?query=microservices","service":"post-service","timestamp":"2025-05-28T09:22:04.155Z"}
{"level":"info","message":"request body: undefined","service":"post-service","timestamp":"2025-05-28T09:22:04.156Z"}
{"level":"info","message":"Entering the searchPost controller...","service":"post-service","timestamp":"2025-05-28T09:22:04.157Z"}
{"level":"warn","message":"Entering update search after post deletion event handler","service":"post-service","timestamp":"2025-05-28T09:22:41.323Z"}
{"level":"info","message":{"mediaIds":["6835cd3f3486b92ceafca430","6835f6427b57be04e7c715df"],"postId":"6836d575d2bfe0b288d1c4c9","userIds":"682abd6890be08c8b463fc8b"},"service":"post-service","timestamp":"2025-05-28T09:22:41.357Z"}
{"level":"info","message":"Event succesfull, search deleted corresponding to post 6836d575d2bfe0b288d1c4c9","service":"post-service","timestamp":"2025-05-28T09:22:41.358Z"}
{"level":"info","message":"Received GET request to url : /api/search/get?query=microservices","service":"post-service","timestamp":"2025-05-28T09:23:09.691Z"}
{"level":"info","message":"request body: undefined","service":"post-service","timestamp":"2025-05-28T09:23:09.691Z"}
{"level":"info","message":"Entering the searchPost controller...","service":"post-service","timestamp":"2025-05-28T09:23:09.692Z"}
{"level":"info","message":"Connected to rabbitmq","service":"post-service","timestamp":"2025-05-28T09:26:47.143Z"}
{"level":"info","message":"Subscribed to the event: post.created","service":"post-service","timestamp":"2025-05-28T09:26:47.162Z"}
{"level":"info","message":"Subscribed to the event: post.deleted","service":"post-service","timestamp":"2025-05-28T09:26:47.174Z"}
{"level":"info","message":"Search service is running at port 3004","service":"post-service","timestamp":"2025-05-28T09:26:47.179Z"}
{"level":"info","message":"connected to mongo db","service":"post-service","timestamp":"2025-05-28T09:26:47.820Z"}
{"level":"warn","message":"Entering update search after post deletion event handler","service":"post-service","timestamp":"2025-05-28T09:27:24.977Z"}
{"level":"info","message":{"mediaIds":["6835cd3f3486b92ceafca430","6835f6427b57be04e7c715df"],"postId":"6836d56ed2bfe0b288d1c4c7","userIds":"682abd6890be08c8b463fc8b"},"service":"post-service","timestamp":"2025-05-28T09:27:25.070Z"}
{"level":"info","message":"Event succesfull, search deleted corresponding to post 6836d56ed2bfe0b288d1c4c7","service":"post-service","timestamp":"2025-05-28T09:27:25.072Z"}
{"level":"info","message":"Received GET request to url : /api/search/get?query=microservices","service":"post-service","timestamp":"2025-05-28T09:27:36.657Z"}
{"level":"info","message":"request body: undefined","service":"post-service","timestamp":"2025-05-28T09:27:36.659Z"}
{"level":"info","message":"Entering the searchPost controller...","service":"post-service","timestamp":"2025-05-28T09:27:36.661Z"}
{"level":"info","message":"Connected to rabbitmq","service":"post-service","timestamp":"2025-05-28T09:30:04.812Z"}
{"level":"info","message":"Subscribed to the event: post.created","service":"post-service","timestamp":"2025-05-28T09:30:04.832Z"}
{"level":"info","message":"Subscribed to the event: post.deleted","service":"post-service","timestamp":"2025-05-28T09:30:04.843Z"}
{"level":"info","message":"Search service is running at port 3004","service":"post-service","timestamp":"2025-05-28T09:30:04.848Z"}
{"level":"info","message":"connected to mongo db","service":"post-service","timestamp":"2025-05-28T09:30:05.277Z"}
{"level":"info","message":"Connected to rabbitmq","service":"post-service","timestamp":"2025-05-28T09:30:23.560Z"}
{"level":"info","message":"Subscribed to the event: post.created","service":"post-service","timestamp":"2025-05-28T09:30:23.590Z"}
{"level":"info","message":"Subscribed to the event: post.deleted","service":"post-service","timestamp":"2025-05-28T09:30:23.607Z"}
{"level":"info","message":"Search service is running at port 3004","service":"post-service","timestamp":"2025-05-28T09:30:23.612Z"}
{"level":"info","message":"connected to mongo db","service":"post-service","timestamp":"2025-05-28T09:30:24.324Z"}
{"level":"info","message":"Connected to rabbitmq","service":"post-service","timestamp":"2025-05-28T09:31:16.723Z"}
{"level":"info","message":"Subscribed to the event: post.created","service":"post-service","timestamp":"2025-05-28T09:31:16.738Z"}
{"level":"info","message":"Subscribed to the event: post.deleted","service":"post-service","timestamp":"2025-05-28T09:31:16.752Z"}
{"level":"info","message":"Redis is running at port redis://localhost:6379","service":"post-service","timestamp":"2025-05-28T09:31:16.756Z"}
{"level":"info","message":"Search service is running at port 3004","service":"post-service","timestamp":"2025-05-28T09:31:16.758Z"}
{"level":"info","message":"connected to mongo db","service":"post-service","timestamp":"2025-05-28T09:31:17.080Z"}
{"level":"info","message":"Connected to rabbitmq","service":"post-service","timestamp":"2025-05-28T09:40:12.765Z"}
{"level":"info","message":"Subscribed to the event: post.created","service":"post-service","timestamp":"2025-05-28T09:40:12.783Z"}
{"level":"info","message":"Subscribed to the event: post.deleted","service":"post-service","timestamp":"2025-05-28T09:40:12.794Z"}
{"level":"info","message":"Redis is running at port redis://localhost:6379","service":"post-service","timestamp":"2025-05-28T09:40:12.799Z"}
{"level":"info","message":"Search service is running at port 3004","service":"post-service","timestamp":"2025-05-28T09:40:12.800Z"}
{"level":"info","message":"connected to mongo db","service":"post-service","timestamp":"2025-05-28T09:40:13.297Z"}
{"level":"info","message":"Connected to rabbitmq","service":"post-service","timestamp":"2025-05-28T09:41:02.727Z"}
{"level":"info","message":"Subscribed to the event: post.created","service":"post-service","timestamp":"2025-05-28T09:41:02.745Z"}
{"level":"info","message":"Subscribed to the event: post.deleted","service":"post-service","timestamp":"2025-05-28T09:41:02.757Z"}
{"level":"info","message":"Redis is running at port redis://localhost:6379","service":"post-service","timestamp":"2025-05-28T09:41:02.762Z"}
{"level":"info","message":"Search service is running at port 3004","service":"post-service","timestamp":"2025-05-28T09:41:02.763Z"}
{"level":"info","message":"connected to mongo db","service":"post-service","timestamp":"2025-05-28T09:41:03.073Z"}
{"level":"info","message":"Received GET request to url : /api/search/get?query=microservices","service":"post-service","timestamp":"2025-05-28T09:41:06.450Z"}
{"level":"info","message":"request body: undefined","service":"post-service","timestamp":"2025-05-28T09:41:06.451Z"}
{"level":"info","message":"Entering the searchPost controller...","service":"post-service","timestamp":"2025-05-28T09:41:06.453Z"}
{"level":"error","message":"error in the search controller TypeError: query.trim(...).lowerCase is not a function","service":"post-service","timestamp":"2025-05-28T09:41:06.454Z"}
{"level":"info","message":"Connected to rabbitmq","service":"post-service","timestamp":"2025-05-28T09:41:24.117Z"}
{"level":"info","message":"Subscribed to the event: post.created","service":"post-service","timestamp":"2025-05-28T09:41:24.139Z"}
{"level":"info","message":"Subscribed to the event: post.deleted","service":"post-service","timestamp":"2025-05-28T09:41:24.149Z"}
{"level":"info","message":"Redis is running at port redis://localhost:6379","service":"post-service","timestamp":"2025-05-28T09:41:24.153Z"}
{"level":"info","message":"Search service is running at port 3004","service":"post-service","timestamp":"2025-05-28T09:41:24.155Z"}
{"level":"info","message":"connected to mongo db","service":"post-service","timestamp":"2025-05-28T09:41:24.462Z"}
{"level":"info","message":"Received GET request to url : /api/search/get?query=microservices","service":"post-service","timestamp":"2025-05-28T09:41:29.745Z"}
{"level":"info","message":"request body: undefined","service":"post-service","timestamp":"2025-05-28T09:41:29.746Z"}
{"level":"info","message":"Entering the searchPost controller...","service":"post-service","timestamp":"2025-05-28T09:41:29.748Z"}
{"level":"info","message":"Received GET request to url : /api/search/get?query=microservices","service":"post-service","timestamp":"2025-05-28T09:41:38.677Z"}
{"level":"info","message":"request body: undefined","service":"post-service","timestamp":"2025-05-28T09:41:38.679Z"}
{"level":"info","message":"Entering the searchPost controller...","service":"post-service","timestamp":"2025-05-28T09:41:38.680Z"}
{"level":"info","message":"Cache hit for search query \"microservices\"","service":"post-service","timestamp":"2025-05-28T09:41:38.683Z"}
{"level":"info","message":"Received GET request to url : /api/search/get?query=microservices","service":"post-service","timestamp":"2025-05-28T09:41:42.820Z"}
{"level":"info","message":"request body: undefined","service":"post-service","timestamp":"2025-05-28T09:41:42.821Z"}
{"level":"info","message":"Entering the searchPost controller...","service":"post-service","timestamp":"2025-05-28T09:41:42.823Z"}
{"level":"info","message":"Cache hit for search query \"microservices\"","service":"post-service","timestamp":"2025-05-28T09:41:42.825Z"}
{"level":"info","message":"Connected to rabbitmq","service":"post-service","timestamp":"2025-05-28T09:42:18.288Z"}
{"level":"info","message":"Subscribed to the event: post.created","service":"post-service","timestamp":"2025-05-28T09:42:18.364Z"}
{"level":"info","message":"Subscribed to the event: post.deleted","service":"post-service","timestamp":"2025-05-28T09:42:18.386Z"}
{"level":"info","message":"Redis is running at port redis://localhost:6379","service":"post-service","timestamp":"2025-05-28T09:42:18.391Z"}
{"level":"info","message":"Search service is running at port 3004","service":"post-service","timestamp":"2025-05-28T09:42:18.393Z"}
{"level":"info","message":"connected to mongo db","service":"post-service","timestamp":"2025-05-28T09:42:18.631Z"}
{"level":"info","message":"Received GET request to url : /api/search/get?query=microservices","service":"post-service","timestamp":"2025-05-28T09:42:31.514Z"}
{"level":"info","message":"request body: undefined","service":"post-service","timestamp":"2025-05-28T09:42:31.515Z"}
{"level":"info","message":"Entering the searchPost controller...","service":"post-service","timestamp":"2025-05-28T09:42:31.518Z"}
{"level":"info","message":"Cache hit for search query \"microservices\"","service":"post-service","timestamp":"2025-05-28T09:42:31.521Z"}
{"level":"info","message":"Received GET request to url : /api/search/get?query=microservices","service":"post-service","timestamp":"2025-05-28T09:42:33.664Z"}
{"level":"info","message":"request body: undefined","service":"post-service","timestamp":"2025-05-28T09:42:33.665Z"}
{"level":"info","message":"Entering the searchPost controller...","service":"post-service","timestamp":"2025-05-28T09:42:33.667Z"}
{"level":"info","message":"Cache hit for search query \"microservices\"","service":"post-service","timestamp":"2025-05-28T09:42:33.669Z"}
{"level":"info","message":"Received GET request to url : /api/search/get?query=micro","service":"post-service","timestamp":"2025-05-28T09:42:55.062Z"}
{"level":"info","message":"request body: undefined","service":"post-service","timestamp":"2025-05-28T09:42:55.064Z"}
{"level":"info","message":"Entering the searchPost controller...","service":"post-service","timestamp":"2025-05-28T09:42:55.065Z"}
{"level":"info","message":"Cache miss: queried DB and cached results for \"micro\"","service":"post-service","timestamp":"2025-05-28T09:42:55.109Z"}
{"level":"info","message":"Received GET request to url : /api/search/get?query=microser","service":"post-service","timestamp":"2025-05-28T09:43:05.820Z"}
{"level":"info","message":"request body: undefined","service":"post-service","timestamp":"2025-05-28T09:43:05.822Z"}
{"level":"info","message":"Entering the searchPost controller...","service":"post-service","timestamp":"2025-05-28T09:43:05.823Z"}
{"level":"info","message":"Cache miss: queried DB and cached results for \"microser\"","service":"post-service","timestamp":"2025-05-28T09:43:05.854Z"}
{"level":"info","message":"Connected to rabbitmq","service":"post-service","timestamp":"2025-05-28T09:47:28.459Z"}
{"level":"info","message":"Subscribed to the event: post.created","service":"post-service","timestamp":"2025-05-28T09:47:28.477Z"}
{"level":"info","message":"Subscribed to the event: post.deleted","service":"post-service","timestamp":"2025-05-28T09:47:28.488Z"}
{"level":"info","message":"Redis is running at port redis://localhost:6379","service":"post-service","timestamp":"2025-05-28T09:47:28.492Z"}
{"level":"info","message":"Search service is running at port 3004","service":"post-service","timestamp":"2025-05-28T09:47:28.494Z"}
{"level":"info","message":"connected to mongo db","service":"post-service","timestamp":"2025-05-28T09:47:28.815Z"}
{"level":"info","message":"Received GET request to url : /api/search/get?query=microser","service":"post-service","timestamp":"2025-05-28T09:47:35.767Z"}
{"level":"info","message":"request body: undefined","service":"post-service","timestamp":"2025-05-28T09:47:35.768Z"}
{"level":"info","message":"Entering the searchPost controller...","service":"post-service","timestamp":"2025-05-28T09:47:35.770Z"}
{"level":"error","message":"error in the search controller ReferenceError: cacheResults is not defined","service":"post-service","timestamp":"2025-05-28T09:47:35.771Z"}
{"level":"info","message":"Received GET request to url : /api/search/get?query=microser","service":"post-service","timestamp":"2025-05-28T09:47:49.593Z"}
{"level":"info","message":"request body: undefined","service":"post-service","timestamp":"2025-05-28T09:47:49.594Z"}
{"level":"info","message":"Entering the searchPost controller...","service":"post-service","timestamp":"2025-05-28T09:47:49.595Z"}
{"level":"error","message":"error in the search controller ReferenceError: cacheResults is not defined","service":"post-service","timestamp":"2025-05-28T09:47:49.595Z"}
{"level":"info","message":"Connected to rabbitmq","service":"post-service","timestamp":"2025-05-28T09:47:55.919Z"}
{"level":"info","message":"Subscribed to the event: post.created","service":"post-service","timestamp":"2025-05-28T09:47:55.936Z"}
{"level":"info","message":"Subscribed to the event: post.deleted","service":"post-service","timestamp":"2025-05-28T09:47:55.950Z"}
{"level":"info","message":"Redis is running at port redis://localhost:6379","service":"post-service","timestamp":"2025-05-28T09:47:55.955Z"}
{"level":"info","message":"Search service is running at port 3004","service":"post-service","timestamp":"2025-05-28T09:47:55.956Z"}
{"level":"info","message":"connected to mongo db","service":"post-service","timestamp":"2025-05-28T09:47:56.629Z"}
{"level":"info","message":"Received GET request to url : /api/search/get?query=microser","service":"post-service","timestamp":"2025-05-28T09:47:58.919Z"}
{"level":"info","message":"request body: undefined","service":"post-service","timestamp":"2025-05-28T09:47:58.921Z"}
{"level":"info","message":"Entering the searchPost controller...","service":"post-service","timestamp":"2025-05-28T09:47:58.923Z"}
{"level":"info","message":"Cache miss: queried DB and cached results for \"microser\"","service":"post-service","timestamp":"2025-05-28T09:47:58.969Z"}
{"level":"info","message":"Received GET request to url : /api/search/get?query=microservices","service":"post-service","timestamp":"2025-05-28T09:48:05.712Z"}
{"level":"info","message":"request body: undefined","service":"post-service","timestamp":"2025-05-28T09:48:05.714Z"}
{"level":"info","message":"Entering the searchPost controller...","service":"post-service","timestamp":"2025-05-28T09:48:05.715Z"}
{"level":"info","message":"Cache miss: queried DB and cached results for \"microservices\"","service":"post-service","timestamp":"2025-05-28T09:48:05.754Z"}
{"level":"info","message":"Connected to rabbitmq","service":"post-service","timestamp":"2025-05-28T09:50:22.281Z"}
{"level":"info","message":"Subscribed to the event: post.created","service":"post-service","timestamp":"2025-05-28T09:50:22.299Z"}
{"level":"info","message":"Subscribed to the event: post.deleted","service":"post-service","timestamp":"2025-05-28T09:50:22.312Z"}
{"level":"info","message":"Redis is running at port redis://localhost:6379","service":"post-service","timestamp":"2025-05-28T09:50:22.317Z"}
{"level":"info","message":"Search service is running at port 3004","service":"post-service","timestamp":"2025-05-28T09:50:22.318Z"}
{"level":"info","message":"connected to mongo db","service":"post-service","timestamp":"2025-05-28T09:50:22.637Z"}
{"level":"info","message":"Connected to rabbitmq","service":"post-service","timestamp":"2025-05-28T09:52:27.440Z"}
{"level":"info","message":"Subscribed to the event: post.created","service":"post-service","timestamp":"2025-05-28T09:52:27.458Z"}
{"level":"info","message":"Subscribed to the event: post.deleted","service":"post-service","timestamp":"2025-05-28T09:52:27.470Z"}
{"level":"info","message":"Redis is running at port redis://localhost:6379","service":"post-service","timestamp":"2025-05-28T09:52:27.475Z"}
{"level":"info","message":"Search service is running at port 3004","service":"post-service","timestamp":"2025-05-28T09:52:27.476Z"}
{"level":"info","message":"connected to mongo db","service":"post-service","timestamp":"2025-05-28T09:52:27.787Z"}
{"level":"info","message":"Received GET request to url : /api/search/get?query=microservices","service":"post-service","timestamp":"2025-05-28T09:52:33.297Z"}
{"level":"info","message":"request body: undefined","service":"post-service","timestamp":"2025-05-28T09:52:33.298Z"}
{"level":"info","message":"Entering the searchPost controller...","service":"post-service","timestamp":"2025-05-28T09:52:33.301Z"}
{"level":"info","message":"Cache miss: queried DB and cached results for \"microservices\"","service":"post-service","timestamp":"2025-05-28T09:52:33.359Z"}
{"level":"info","message":"Received GET request to url : /api/search/get?query=microservices","service":"post-service","timestamp":"2025-05-28T09:52:43.957Z"}
{"level":"info","message":"request body: undefined","service":"post-service","timestamp":"2025-05-28T09:52:43.958Z"}
{"level":"info","message":"Entering the searchPost controller...","service":"post-service","timestamp":"2025-05-28T09:52:43.959Z"}
{"level":"info","message":"cache hit: microservices","service":"post-service","timestamp":"2025-05-28T09:52:43.961Z"}
{"level":"info","message":"Cache miss: queried DB and cached results for \"microservices\"","service":"post-service","timestamp":"2025-05-28T09:52:43.999Z"}
{"level":"error","message":"error in the search controller Error [ERR_HTTP_HEADERS_SENT]: Cannot set headers after they are sent to the client","service":"post-service","timestamp":"2025-05-28T09:52:44.003Z"}
{"code":"ERR_HTTP_HEADERS_SENT","level":"error","message":"Cannot set headers after they are sent to the client","service":"post-service","stack":"Error [ERR_HTTP_HEADERS_SENT]: Cannot set headers after they are sent to the client\n    at ServerResponse.setHeader (node:_http_outgoing:659:11)\n    at ServerResponse.header (C:\\Users\\Shubhankar\\interview_prep\\microservices-social-media\\search-service\\node_modules\\express\\lib\\response.js:684:10)\n    at ServerResponse.send (C:\\Users\\Shubhankar\\interview_prep\\microservices-social-media\\search-service\\node_modules\\express\\lib\\response.js:161:12)\n    at ServerResponse.json (C:\\Users\\Shubhankar\\interview_prep\\microservices-social-media\\search-service\\node_modules\\express\\lib\\response.js:250:15)\n    at searchPostController (C:\\Users\\Shubhankar\\interview_prep\\microservices-social-media\\search-service\\src\\controllers\\searchController.js:39:32)\n    at process.processTicksAndRejections (node:internal/process/task_queues:95:5)","timestamp":"2025-05-28T09:52:44.005Z"}
{"level":"info","message":"Connected to rabbitmq","service":"post-service","timestamp":"2025-05-28T09:53:12.273Z"}
{"level":"info","message":"Subscribed to the event: post.created","service":"post-service","timestamp":"2025-05-28T09:53:12.296Z"}
{"level":"info","message":"Subscribed to the event: post.deleted","service":"post-service","timestamp":"2025-05-28T09:53:12.306Z"}
{"level":"info","message":"Redis is running at port redis://localhost:6379","service":"post-service","timestamp":"2025-05-28T09:53:12.312Z"}
{"level":"info","message":"Search service is running at port 3004","service":"post-service","timestamp":"2025-05-28T09:53:12.314Z"}
{"level":"info","message":"connected to mongo db","service":"post-service","timestamp":"2025-05-28T09:53:12.617Z"}
{"level":"info","message":"Connected to rabbitmq","service":"post-service","timestamp":"2025-05-28T09:53:37.609Z"}
{"level":"info","message":"Subscribed to the event: post.created","service":"post-service","timestamp":"2025-05-28T09:53:37.630Z"}
{"level":"info","message":"Subscribed to the event: post.deleted","service":"post-service","timestamp":"2025-05-28T09:53:37.640Z"}
{"level":"info","message":"Redis is running at port redis://localhost:6379","service":"post-service","timestamp":"2025-05-28T09:53:37.645Z"}
{"level":"info","message":"Search service is running at port 3004","service":"post-service","timestamp":"2025-05-28T09:53:37.647Z"}
{"level":"info","message":"connected to mongo db","service":"post-service","timestamp":"2025-05-28T09:53:37.952Z"}
{"level":"info","message":"Received GET request to url : /api/search/get?query=microservices","service":"post-service","timestamp":"2025-05-28T09:53:41.443Z"}
{"level":"info","message":"request body: undefined","service":"post-service","timestamp":"2025-05-28T09:53:41.444Z"}
{"level":"info","message":"Entering the searchPost controller...","service":"post-service","timestamp":"2025-05-28T09:53:41.446Z"}
{"level":"info","message":"cache hit: microservices","service":"post-service","timestamp":"2025-05-28T09:53:41.449Z"}
{"level":"info","message":"Received GET request to url : /api/search/get?query=microservices","service":"post-service","timestamp":"2025-05-28T09:53:43.587Z"}
{"level":"info","message":"request body: undefined","service":"post-service","timestamp":"2025-05-28T09:53:43.588Z"}
{"level":"info","message":"Entering the searchPost controller...","service":"post-service","timestamp":"2025-05-28T09:53:43.589Z"}
{"level":"info","message":"cache hit: microservices","service":"post-service","timestamp":"2025-05-28T09:53:43.591Z"}
{"level":"info","message":"Connected to rabbitmq","service":"post-service","timestamp":"2025-05-28T09:54:14.047Z"}
{"level":"info","message":"Subscribed to the event: post.created","service":"post-service","timestamp":"2025-05-28T09:54:14.067Z"}
{"level":"info","message":"Subscribed to the event: post.deleted","service":"post-service","timestamp":"2025-05-28T09:54:14.077Z"}
{"level":"info","message":"Redis is running at port redis://localhost:6379","service":"post-service","timestamp":"2025-05-28T09:54:14.081Z"}
{"level":"info","message":"Search service is running at port 3004","service":"post-service","timestamp":"2025-05-28T09:54:14.083Z"}
{"level":"info","message":"connected to mongo db","service":"post-service","timestamp":"2025-05-28T09:54:14.387Z"}
{"level":"info","message":"Connected to rabbitmq","service":"post-service","timestamp":"2025-05-28T09:54:17.878Z"}
{"level":"info","message":"Subscribed to the event: post.created","service":"post-service","timestamp":"2025-05-28T09:54:17.902Z"}
{"level":"info","message":"Subscribed to the event: post.deleted","service":"post-service","timestamp":"2025-05-28T09:54:17.912Z"}
{"level":"info","message":"Redis is running at port redis://localhost:6379","service":"post-service","timestamp":"2025-05-28T09:54:17.917Z"}
{"level":"info","message":"Search service is running at port 3004","service":"post-service","timestamp":"2025-05-28T09:54:17.919Z"}
{"level":"info","message":"connected to mongo db","service":"post-service","timestamp":"2025-05-28T09:54:18.264Z"}
{"level":"info","message":"Received GET request to url : /api/search/get?query=microservices","service":"post-service","timestamp":"2025-05-28T09:54:25.186Z"}
{"level":"info","message":"request body: undefined","service":"post-service","timestamp":"2025-05-28T09:54:25.188Z"}
{"level":"info","message":"Entering the searchPost controller...","service":"post-service","timestamp":"2025-05-28T09:54:25.190Z"}
{"level":"info","message":"Connected to rabbitmq","service":"post-service","timestamp":"2025-05-28T09:54:50.916Z"}
{"level":"info","message":"Subscribed to the event: post.created","service":"post-service","timestamp":"2025-05-28T09:54:50.933Z"}
{"level":"info","message":"Subscribed to the event: post.deleted","service":"post-service","timestamp":"2025-05-28T09:54:50.941Z"}
{"level":"info","message":"Redis is running at port redis://localhost:6379","service":"post-service","timestamp":"2025-05-28T09:54:50.948Z"}
{"level":"info","message":"Search service is running at port 3004","service":"post-service","timestamp":"2025-05-28T09:54:50.950Z"}
{"level":"info","message":"connected to mongo db","service":"post-service","timestamp":"2025-05-28T09:54:51.271Z"}
{"level":"info","message":"Received GET request to url : /api/search/get?query=microservices","service":"post-service","timestamp":"2025-05-28T09:54:56.021Z"}
{"level":"info","message":"request body: undefined","service":"post-service","timestamp":"2025-05-28T09:54:56.023Z"}
{"level":"info","message":"Entering the searchPost controller...","service":"post-service","timestamp":"2025-05-28T09:54:56.025Z"}
{"level":"info","message":"cache hit: microservices","service":"post-service","timestamp":"2025-05-28T09:54:56.029Z"}
{"level":"info","message":"Connected to rabbitmq","service":"post-service","timestamp":"2025-05-28T09:56:14.490Z"}
{"level":"info","message":"Subscribed to the event: post.created","service":"post-service","timestamp":"2025-05-28T09:56:14.508Z"}
{"level":"info","message":"Subscribed to the event: post.deleted","service":"post-service","timestamp":"2025-05-28T09:56:14.527Z"}
{"level":"info","message":"Redis is running at port redis://localhost:6379","service":"post-service","timestamp":"2025-05-28T09:56:14.533Z"}
{"level":"info","message":"Search service is running at port 3004","service":"post-service","timestamp":"2025-05-28T09:56:14.535Z"}
{"level":"info","message":"connected to mongo db","service":"post-service","timestamp":"2025-05-28T09:56:14.864Z"}
{"level":"info","message":"Received GET request to url : /api/search/get?query=microservices","service":"post-service","timestamp":"2025-05-28T09:56:19.315Z"}
{"level":"info","message":"request body: undefined","service":"post-service","timestamp":"2025-05-28T09:56:19.316Z"}
{"level":"info","message":"Entering the searchPost controller...","service":"post-service","timestamp":"2025-05-28T09:56:19.318Z"}
{"level":"info","message":"Connected to rabbitmq","service":"post-service","timestamp":"2025-05-28T09:56:35.661Z"}
{"level":"info","message":"Subscribed to the event: post.created","service":"post-service","timestamp":"2025-05-28T09:56:35.681Z"}
{"level":"info","message":"Subscribed to the event: post.deleted","service":"post-service","timestamp":"2025-05-28T09:56:35.693Z"}
{"level":"info","message":"Redis is running at port redis://localhost:6379","service":"post-service","timestamp":"2025-05-28T09:56:35.697Z"}
{"level":"info","message":"Search service is running at port 3004","service":"post-service","timestamp":"2025-05-28T09:56:35.699Z"}
{"level":"info","message":"connected to mongo db","service":"post-service","timestamp":"2025-05-28T09:56:35.998Z"}
{"level":"info","message":"Received GET request to url : /api/search/get?query=microservices","service":"post-service","timestamp":"2025-05-28T09:56:39.141Z"}
{"level":"info","message":"request body: undefined","service":"post-service","timestamp":"2025-05-28T09:56:39.142Z"}
{"level":"info","message":"Entering the searchPost controller...","service":"post-service","timestamp":"2025-05-28T09:56:39.144Z"}
{"level":"info","message":"cache hit: microservices","service":"post-service","timestamp":"2025-05-28T09:56:39.147Z"}
